{"C:\\Users\\wemer\\Documents\\commerce-system2.0\\src\\application\\useCases\\products\\createProduct.js": {"path":"C:\\Users\\wemer\\Documents\\commerce-system2.0\\src\\application\\useCases\\products\\createProduct.js","statementMap":{"0":{"start":{"line":1,"column":28},"end":{"line":1,"column":75}},"1":{"start":{"line":2,"column":16},"end":{"line":2,"column":58}},"2":{"start":{"line":4,"column":0},"end":{"line":17,"column":2}},"3":{"start":{"line":8,"column":8},"end":{"line":8,"column":25}},"4":{"start":{"line":10,"column":25},"end":{"line":10,"column":67}},"5":{"start":{"line":12,"column":4},"end":{"line":12,"column":74}},"6":{"start":{"line":12,"column":22},"end":{"line":12,"column":74}},"7":{"start":{"line":14,"column":23},"end":{"line":14,"column":87}},"8":{"start":{"line":15,"column":4},"end":{"line":15,"column":22}}},"fnMap":{"0":{"name":"(anonymous_0)","decl":{"start":{"line":5,"column":2},"end":{"line":5,"column":3}},"loc":{"start":{"line":5,"column":45},"end":{"line":16,"column":3}},"line":5}},"branchMap":{"0":{"loc":{"start":{"line":12,"column":4},"end":{"line":12,"column":74}},"type":"if","locations":[{"start":{"line":12,"column":4},"end":{"line":12,"column":74}},{"start":{"line":12,"column":4},"end":{"line":12,"column":74}}],"line":12}},"s":{"0":4,"1":4,"2":4,"3":13,"4":8,"5":8,"6":1,"7":7,"8":7},"f":{"0":13},"b":{"0":[1,7]},"_coverageSchema":"1a1c01bbd47fc00a2c39e90264f33305004495a9","hash":"d7b4007d92d939e75a493e1461d6dbbc03befcb6"}
,"C:\\Users\\wemer\\Documents\\commerce-system2.0\\src\\application\\useCases\\products\\deleteProduct.js": {"path":"C:\\Users\\wemer\\Documents\\commerce-system2.0\\src\\application\\useCases\\products\\deleteProduct.js","statementMap":{"0":{"start":{"line":1,"column":28},"end":{"line":1,"column":75}},"1":{"start":{"line":3,"column":0},"end":{"line":10,"column":2}},"2":{"start":{"line":5,"column":20},"end":{"line":5,"column":58}},"3":{"start":{"line":6,"column":4},"end":{"line":6,"column":66}},"4":{"start":{"line":6,"column":18},"end":{"line":6,"column":66}},"5":{"start":{"line":8,"column":4},"end":{"line":8,"column":39}}},"fnMap":{"0":{"name":"(anonymous_0)","decl":{"start":{"line":4,"column":2},"end":{"line":4,"column":3}},"loc":{"start":{"line":4,"column":43},"end":{"line":9,"column":3}},"line":4}},"branchMap":{"0":{"loc":{"start":{"line":6,"column":4},"end":{"line":6,"column":66}},"type":"if","locations":[{"start":{"line":6,"column":4},"end":{"line":6,"column":66}},{"start":{"line":6,"column":4},"end":{"line":6,"column":66}}],"line":6}},"s":{"0":2,"1":2,"2":2,"3":2,"4":1,"5":1},"f":{"0":2},"b":{"0":[1,1]},"_coverageSchema":"1a1c01bbd47fc00a2c39e90264f33305004495a9","hash":"ab5c0dbdad820b33e973fbd7a22c7abe703fe7bc"}
,"C:\\Users\\wemer\\Documents\\commerce-system2.0\\src\\application\\useCases\\products\\editProduct.js": {"path":"C:\\Users\\wemer\\Documents\\commerce-system2.0\\src\\application\\useCases\\products\\editProduct.js","statementMap":{"0":{"start":{"line":1,"column":28},"end":{"line":1,"column":75}},"1":{"start":{"line":3,"column":0},"end":{"line":11,"column":2}},"2":{"start":{"line":5,"column":20},"end":{"line":5,"column":58}},"3":{"start":{"line":6,"column":4},"end":{"line":6,"column":66}},"4":{"start":{"line":6,"column":18},"end":{"line":6,"column":66}},"5":{"start":{"line":8,"column":24},"end":{"line":8,"column":62}},"6":{"start":{"line":9,"column":4},"end":{"line":9,"column":23}}},"fnMap":{"0":{"name":"(anonymous_0)","decl":{"start":{"line":4,"column":2},"end":{"line":4,"column":3}},"loc":{"start":{"line":4,"column":49},"end":{"line":10,"column":3}},"line":4}},"branchMap":{"0":{"loc":{"start":{"line":6,"column":4},"end":{"line":6,"column":66}},"type":"if","locations":[{"start":{"line":6,"column":4},"end":{"line":6,"column":66}},{"start":{"line":6,"column":4},"end":{"line":6,"column":66}}],"line":6}},"s":{"0":2,"1":2,"2":3,"3":3,"4":1,"5":2,"6":2},"f":{"0":3},"b":{"0":[1,2]},"_coverageSchema":"1a1c01bbd47fc00a2c39e90264f33305004495a9","hash":"46364c8ee41443a388b866f69f4abaed83cc9ccb"}
,"C:\\Users\\wemer\\Documents\\commerce-system2.0\\src\\application\\useCases\\products\\index.js": {"path":"C:\\Users\\wemer\\Documents\\commerce-system2.0\\src\\application\\useCases\\products\\index.js","statementMap":{"0":{"start":{"line":1,"column":0},"end":{"line":6,"column":2}}},"fnMap":{},"branchMap":{},"s":{"0":2},"f":{},"b":{},"_coverageSchema":"1a1c01bbd47fc00a2c39e90264f33305004495a9","hash":"e702f578ab446a731159c8cdf6663cd57ad0cd55"}
,"C:\\Users\\wemer\\Documents\\commerce-system2.0\\src\\application\\useCases\\products\\listProducts.js": {"path":"C:\\Users\\wemer\\Documents\\commerce-system2.0\\src\\application\\useCases\\products\\listProducts.js","statementMap":{"0":{"start":{"line":1,"column":28},"end":{"line":1,"column":75}},"1":{"start":{"line":3,"column":0},"end":{"line":14,"column":2}},"2":{"start":{"line":5,"column":4},"end":{"line":9,"column":5}},"3":{"start":{"line":6,"column":22},"end":{"line":6,"column":60}},"4":{"start":{"line":7,"column":6},"end":{"line":7,"column":68}},"5":{"start":{"line":7,"column":20},"end":{"line":7,"column":68}},"6":{"start":{"line":8,"column":6},"end":{"line":8,"column":21}},"7":{"start":{"line":11,"column":21},"end":{"line":11,"column":63}},"8":{"start":{"line":12,"column":4},"end":{"line":12,"column":20}}},"fnMap":{"0":{"name":"(anonymous_0)","decl":{"start":{"line":4,"column":2},"end":{"line":4,"column":3}},"loc":{"start":{"line":4,"column":50},"end":{"line":13,"column":3}},"line":4}},"branchMap":{"0":{"loc":{"start":{"line":5,"column":4},"end":{"line":9,"column":5}},"type":"if","locations":[{"start":{"line":5,"column":4},"end":{"line":9,"column":5}},{"start":{"line":5,"column":4},"end":{"line":9,"column":5}}],"line":5},"1":{"loc":{"start":{"line":7,"column":6},"end":{"line":7,"column":68}},"type":"if","locations":[{"start":{"line":7,"column":6},"end":{"line":7,"column":68}},{"start":{"line":7,"column":6},"end":{"line":7,"column":68}}],"line":7}},"s":{"0":3,"1":3,"2":7,"3":4,"4":4,"5":1,"6":3,"7":3,"8":3},"f":{"0":7},"b":{"0":[4,3],"1":[1,3]},"_coverageSchema":"1a1c01bbd47fc00a2c39e90264f33305004495a9","hash":"312d3106523c3e37e3b69dff3efcd0e32b2c422e"}
,"C:\\Users\\wemer\\Documents\\commerce-system2.0\\src\\application\\useCases\\seller\\newSeller.js": {"path":"C:\\Users\\wemer\\Documents\\commerce-system2.0\\src\\application\\useCases\\seller\\newSeller.js","statementMap":{"0":{"start":{"line":1,"column":15},"end":{"line":1,"column":55}},"1":{"start":{"line":2,"column":28},"end":{"line":2,"column":75}},"2":{"start":{"line":4,"column":0},"end":{"line":17,"column":2}},"3":{"start":{"line":8,"column":8},"end":{"line":8,"column":24}},"4":{"start":{"line":10,"column":25},"end":{"line":10,"column":64}},"5":{"start":{"line":12,"column":4},"end":{"line":12,"column":78}},"6":{"start":{"line":12,"column":22},"end":{"line":12,"column":78}},"7":{"start":{"line":14,"column":23},"end":{"line":14,"column":71}},"8":{"start":{"line":15,"column":4},"end":{"line":15,"column":22}}},"fnMap":{"0":{"name":"(anonymous_0)","decl":{"start":{"line":5,"column":2},"end":{"line":5,"column":3}},"loc":{"start":{"line":5,"column":44},"end":{"line":16,"column":3}},"line":5}},"branchMap":{"0":{"loc":{"start":{"line":12,"column":4},"end":{"line":12,"column":78}},"type":"if","locations":[{"start":{"line":12,"column":4},"end":{"line":12,"column":78}},{"start":{"line":12,"column":4},"end":{"line":12,"column":78}}],"line":12}},"s":{"0":1,"1":1,"2":1,"3":2,"4":2,"5":2,"6":1,"7":1,"8":1},"f":{"0":2},"b":{"0":[1,1]},"_coverageSchema":"1a1c01bbd47fc00a2c39e90264f33305004495a9","hash":"c68d025b4b77772494125c9e0c45bc7405b1c812"}
,"C:\\Users\\wemer\\Documents\\commerce-system2.0\\src\\domain\\errors.js": {"path":"C:\\Users\\wemer\\Documents\\commerce-system2.0\\src\\domain\\errors.js","statementMap":{"0":{"start":{"line":3,"column":4},"end":{"line":3,"column":19}},"1":{"start":{"line":4,"column":4},"end":{"line":4,"column":22}},"2":{"start":{"line":10,"column":4},"end":{"line":10,"column":19}},"3":{"start":{"line":14,"column":0},"end":{"line":14,"column":55}}},"fnMap":{"0":{"name":"(anonymous_0)","decl":{"start":{"line":2,"column":2},"end":{"line":2,"column":3}},"loc":{"start":{"line":2,"column":23},"end":{"line":5,"column":3}},"line":2},"1":{"name":"(anonymous_1)","decl":{"start":{"line":9,"column":2},"end":{"line":9,"column":3}},"loc":{"start":{"line":9,"column":23},"end":{"line":11,"column":3}},"line":9}},"branchMap":{},"s":{"0":10,"1":10,"2":10,"3":4},"f":{"0":10,"1":10},"b":{},"_coverageSchema":"1a1c01bbd47fc00a2c39e90264f33305004495a9","hash":"3ac1c951d7ffc8c1b7de57418c9c6ee650974fb5"}
,"C:\\Users\\wemer\\Documents\\commerce-system2.0\\src\\domain\\Product\\Product.js": {"path":"C:\\Users\\wemer\\Documents\\commerce-system2.0\\src\\domain\\Product\\Product.js","statementMap":{"0":{"start":{"line":1,"column":21},"end":{"line":1,"column":76}},"1":{"start":{"line":3,"column":0},"end":{"line":12,"column":2}},"2":{"start":{"line":5,"column":4},"end":{"line":5,"column":19}},"3":{"start":{"line":7,"column":4},"end":{"line":7,"column":42}},"4":{"start":{"line":8,"column":4},"end":{"line":8,"column":54}},"5":{"start":{"line":9,"column":4},"end":{"line":9,"column":28}},"6":{"start":{"line":10,"column":4},"end":{"line":10,"column":33}}},"fnMap":{"0":{"name":"(anonymous_0)","decl":{"start":{"line":4,"column":2},"end":{"line":4,"column":3}},"loc":{"start":{"line":4,"column":20},"end":{"line":11,"column":3}},"line":4}},"branchMap":{"0":{"loc":{"start":{"line":10,"column":17},"end":{"line":10,"column":32}},"type":"binary-expr","locations":[{"start":{"line":10,"column":17},"end":{"line":10,"column":27}},{"start":{"line":10,"column":31},"end":{"line":10,"column":32}}],"line":10}},"s":{"0":4,"1":4,"2":13,"3":8,"4":8,"5":8,"6":8},"f":{"0":13},"b":{"0":[8,8]},"_coverageSchema":"1a1c01bbd47fc00a2c39e90264f33305004495a9","hash":"e21bfd04675550a1b60a5c6ac338a9f0e21c6e12"}
,"C:\\Users\\wemer\\Documents\\commerce-system2.0\\src\\domain\\Product\\productRepository.js": {"path":"C:\\Users\\wemer\\Documents\\commerce-system2.0\\src\\domain\\Product\\productRepository.js","statementMap":{"0":{"start":{"line":1,"column":0},"end":{"line":13,"column":2}}},"fnMap":{"0":{"name":"(anonymous_0)","decl":{"start":{"line":2,"column":2},"end":{"line":2,"column":3}},"loc":{"start":{"line":2,"column":11},"end":{"line":2,"column":13}},"line":2},"1":{"name":"(anonymous_1)","decl":{"start":{"line":4,"column":2},"end":{"line":4,"column":3}},"loc":{"start":{"line":4,"column":16},"end":{"line":4,"column":18}},"line":4},"2":{"name":"(anonymous_2)","decl":{"start":{"line":6,"column":2},"end":{"line":6,"column":3}},"loc":{"start":{"line":6,"column":16},"end":{"line":6,"column":18}},"line":6},"3":{"name":"(anonymous_3)","decl":{"start":{"line":8,"column":2},"end":{"line":8,"column":3}},"loc":{"start":{"line":8,"column":15},"end":{"line":8,"column":17}},"line":8},"4":{"name":"(anonymous_4)","decl":{"start":{"line":10,"column":2},"end":{"line":10,"column":3}},"loc":{"start":{"line":10,"column":11},"end":{"line":10,"column":13}},"line":10},"5":{"name":"(anonymous_5)","decl":{"start":{"line":12,"column":2},"end":{"line":12,"column":3}},"loc":{"start":{"line":12,"column":9},"end":{"line":12,"column":11}},"line":12}},"branchMap":{},"s":{"0":5},"f":{"0":0,"1":0,"2":0,"3":0,"4":0,"5":0},"b":{},"_coverageSchema":"1a1c01bbd47fc00a2c39e90264f33305004495a9","hash":"5f6b7eb0c6ecdc4361955d9f1e488ed07459004c"}
,"C:\\Users\\wemer\\Documents\\commerce-system2.0\\src\\domain\\seller\\Seller.js": {"path":"C:\\Users\\wemer\\Documents\\commerce-system2.0\\src\\domain\\seller\\Seller.js","statementMap":{"0":{"start":{"line":1,"column":0},"end":{"line":7,"column":2}},"1":{"start":{"line":3,"column":4},"end":{"line":3,"column":26}},"2":{"start":{"line":4,"column":4},"end":{"line":4,"column":28}},"3":{"start":{"line":5,"column":4},"end":{"line":5,"column":26}}},"fnMap":{"0":{"name":"(anonymous_0)","decl":{"start":{"line":2,"column":2},"end":{"line":2,"column":3}},"loc":{"start":{"line":2,"column":20},"end":{"line":6,"column":3}},"line":2}},"branchMap":{},"s":{"0":1,"1":2,"2":2,"3":2},"f":{"0":2},"b":{},"_coverageSchema":"1a1c01bbd47fc00a2c39e90264f33305004495a9","hash":"4193245ac95b61e69e304f9e8a5100b7772b138e"}
,"C:\\Users\\wemer\\Documents\\commerce-system2.0\\src\\domain\\seller\\sellerRepository.js": {"path":"C:\\Users\\wemer\\Documents\\commerce-system2.0\\src\\domain\\seller\\sellerRepository.js","statementMap":{"0":{"start":{"line":1,"column":0},"end":{"line":5,"column":2}}},"fnMap":{"0":{"name":"(anonymous_0)","decl":{"start":{"line":2,"column":2},"end":{"line":2,"column":3}},"loc":{"start":{"line":2,"column":11},"end":{"line":2,"column":13}},"line":2},"1":{"name":"(anonymous_1)","decl":{"start":{"line":4,"column":2},"end":{"line":4,"column":3}},"loc":{"start":{"line":4,"column":15},"end":{"line":4,"column":17}},"line":4}},"branchMap":{},"s":{"0":5},"f":{"0":0,"1":0},"b":{},"_coverageSchema":"1a1c01bbd47fc00a2c39e90264f33305004495a9","hash":"31594cb3084abc3107232a8015060547404b3b72"}
,"C:\\Users\\wemer\\Documents\\commerce-system2.0\\src\\infra\\validators\\joi\\product-validator.js": {"path":"C:\\Users\\wemer\\Documents\\commerce-system2.0\\src\\infra\\validators\\joi\\product-validator.js","statementMap":{"0":{"start":{"line":1,"column":12},"end":{"line":1,"column":26}},"1":{"start":{"line":2,"column":33},"end":{"line":2,"column":66}},"2":{"start":{"line":4,"column":35},"end":{"line":25,"column":2}},"3":{"start":{"line":27,"column":0},"end":{"line":35,"column":2}},"4":{"start":{"line":29,"column":22},"end":{"line":29,"column":66}},"5":{"start":{"line":30,"column":4},"end":{"line":32,"column":5}},"6":{"start":{"line":31,"column":6},"end":{"line":31,"column":63}},"7":{"start":{"line":33,"column":4},"end":{"line":33,"column":16}}},"fnMap":{"0":{"name":"(anonymous_0)","decl":{"start":{"line":28,"column":2},"end":{"line":28,"column":3}},"loc":{"start":{"line":28,"column":20},"end":{"line":34,"column":3}},"line":28}},"branchMap":{"0":{"loc":{"start":{"line":30,"column":4},"end":{"line":32,"column":5}},"type":"if","locations":[{"start":{"line":30,"column":4},"end":{"line":32,"column":5}},{"start":{"line":30,"column":4},"end":{"line":32,"column":5}}],"line":30}},"s":{"0":4,"1":4,"2":4,"3":4,"4":13,"5":13,"6":5,"7":8},"f":{"0":13},"b":{"0":[5,8]},"_coverageSchema":"1a1c01bbd47fc00a2c39e90264f33305004495a9","hash":"917278ba52232e2c8280c401f990d33425031cf4"}
,"C:\\Users\\wemer\\Documents\\commerce-system2.0\\src\\interfaces\\http\\http-errors.js": {"path":"C:\\Users\\wemer\\Documents\\commerce-system2.0\\src\\interfaces\\http\\http-errors.js","statementMap":{"0":{"start":{"line":3,"column":4},"end":{"line":3,"column":19}},"1":{"start":{"line":4,"column":4},"end":{"line":4,"column":39}},"2":{"start":{"line":5,"column":4},"end":{"line":5,"column":22}},"3":{"start":{"line":11,"column":4},"end":{"line":11,"column":19}},"4":{"start":{"line":12,"column":4},"end":{"line":12,"column":31}},"5":{"start":{"line":13,"column":4},"end":{"line":13,"column":22}},"6":{"start":{"line":17,"column":0},"end":{"line":20,"column":2}}},"fnMap":{"0":{"name":"(anonymous_0)","decl":{"start":{"line":2,"column":2},"end":{"line":2,"column":3}},"loc":{"start":{"line":2,"column":23},"end":{"line":6,"column":3}},"line":2},"1":{"name":"(anonymous_1)","decl":{"start":{"line":10,"column":2},"end":{"line":10,"column":3}},"loc":{"start":{"line":10,"column":23},"end":{"line":14,"column":3}},"line":10}},"branchMap":{},"s":{"0":10,"1":10,"2":10,"3":10,"4":10,"5":10,"6":5},"f":{"0":10,"1":10},"b":{},"_coverageSchema":"1a1c01bbd47fc00a2c39e90264f33305004495a9","hash":"babab4bf81aba83f51ed0d793977a9959a49257f"}
,"C:\\Users\\wemer\\Documents\\commerce-system2.0\\test\\fakes\\FakeSellerRepository.js": {"path":"C:\\Users\\wemer\\Documents\\commerce-system2.0\\test\\fakes\\FakeSellerRepository.js","statementMap":{"0":{"start":{"line":1,"column":25},"end":{"line":1,"column":76}},"1":{"start":{"line":3,"column":14},"end":{"line":3,"column":16}},"2":{"start":{"line":5,"column":0},"end":{"line":21,"column":2}},"3":{"start":{"line":7,"column":4},"end":{"line":7,"column":12}},"4":{"start":{"line":11,"column":19},"end":{"line":11,"column":63}},"5":{"start":{"line":11,"column":42},"end":{"line":11,"column":62}},"6":{"start":{"line":12,"column":4},"end":{"line":12,"column":17}},"7":{"start":{"line":16,"column":17},"end":{"line":16,"column":38}},"8":{"start":{"line":17,"column":4},"end":{"line":17,"column":23}},"9":{"start":{"line":19,"column":4},"end":{"line":19,"column":16}}},"fnMap":{"0":{"name":"(anonymous_0)","decl":{"start":{"line":6,"column":2},"end":{"line":6,"column":3}},"loc":{"start":{"line":6,"column":16},"end":{"line":8,"column":3}},"line":6},"1":{"name":"(anonymous_1)","decl":{"start":{"line":10,"column":2},"end":{"line":10,"column":3}},"loc":{"start":{"line":10,"column":19},"end":{"line":13,"column":3}},"line":10},"2":{"name":"(anonymous_2)","decl":{"start":{"line":11,"column":32},"end":{"line":11,"column":33}},"loc":{"start":{"line":11,"column":42},"end":{"line":11,"column":62}},"line":11},"3":{"name":"(anonymous_3)","decl":{"start":{"line":15,"column":2},"end":{"line":15,"column":3}},"loc":{"start":{"line":15,"column":34},"end":{"line":20,"column":3}},"line":15}},"branchMap":{},"s":{"0":5,"1":5,"2":5,"3":5,"4":2,"5":1,"6":2,"7":1,"8":1,"9":1},"f":{"0":5,"1":2,"2":1,"3":1},"b":{},"_coverageSchema":"1a1c01bbd47fc00a2c39e90264f33305004495a9","hash":"f850c58429870915e3b98bac8dfac4c2fc43d63c"}
,"C:\\Users\\wemer\\Documents\\commerce-system2.0\\test\\fakes\\fakeProductRepository.js": {"path":"C:\\Users\\wemer\\Documents\\commerce-system2.0\\test\\fakes\\fakeProductRepository.js","statementMap":{"0":{"start":{"line":1,"column":26},"end":{"line":1,"column":79}},"1":{"start":{"line":3,"column":15},"end":{"line":3,"column":17}},"2":{"start":{"line":5,"column":0},"end":{"line":51,"column":2}},"3":{"start":{"line":7,"column":4},"end":{"line":7,"column":12}},"4":{"start":{"line":11,"column":17},"end":{"line":11,"column":46}},"5":{"start":{"line":12,"column":4},"end":{"line":12,"column":24}},"6":{"start":{"line":14,"column":4},"end":{"line":14,"column":16}},"7":{"start":{"line":18,"column":20},"end":{"line":18,"column":69}},"8":{"start":{"line":18,"column":45},"end":{"line":18,"column":68}},"9":{"start":{"line":19,"column":4},"end":{"line":19,"column":18}},"10":{"start":{"line":23,"column":22},"end":{"line":23,"column":27}},"11":{"start":{"line":24,"column":20},"end":{"line":24,"column":31}},"12":{"start":{"line":26,"column":20},"end":{"line":28,"column":14}},"13":{"start":{"line":27,"column":6},"end":{"line":27,"column":68}},"14":{"start":{"line":27,"column":56},"end":{"line":27,"column":68}},"15":{"start":{"line":30,"column":4},"end":{"line":30,"column":30}},"16":{"start":{"line":34,"column":20},"end":{"line":34,"column":66}},"17":{"start":{"line":34,"column":45},"end":{"line":34,"column":65}},"18":{"start":{"line":35,"column":4},"end":{"line":35,"column":18}},"19":{"start":{"line":39,"column":4},"end":{"line":39,"column":65}},"20":{"start":{"line":43,"column":41},"end":{"line":43,"column":45}},"21":{"start":{"line":44,"column":20},"end":{"line":44,"column":66}},"22":{"start":{"line":44,"column":45},"end":{"line":44,"column":65}},"23":{"start":{"line":45,"column":18},"end":{"line":45,"column":43}},"24":{"start":{"line":47,"column":4},"end":{"line":47,"column":57}},"25":{"start":{"line":48,"column":4},"end":{"line":48,"column":81}},"26":{"start":{"line":49,"column":4},"end":{"line":49,"column":57}}},"fnMap":{"0":{"name":"(anonymous_0)","decl":{"start":{"line":6,"column":2},"end":{"line":6,"column":3}},"loc":{"start":{"line":6,"column":16},"end":{"line":8,"column":3}},"line":6},"1":{"name":"(anonymous_1)","decl":{"start":{"line":10,"column":2},"end":{"line":10,"column":3}},"loc":{"start":{"line":10,"column":42},"end":{"line":15,"column":3}},"line":10},"2":{"name":"(anonymous_2)","decl":{"start":{"line":17,"column":2},"end":{"line":17,"column":3}},"loc":{"start":{"line":17,"column":21},"end":{"line":20,"column":3}},"line":17},"3":{"name":"(anonymous_3)","decl":{"start":{"line":18,"column":34},"end":{"line":18,"column":35}},"loc":{"start":{"line":18,"column":45},"end":{"line":18,"column":68}},"line":18},"4":{"name":"(anonymous_4)","decl":{"start":{"line":22,"column":2},"end":{"line":22,"column":3}},"loc":{"start":{"line":22,"column":21},"end":{"line":31,"column":3}},"line":22},"5":{"name":"(anonymous_5)","decl":{"start":{"line":26,"column":36},"end":{"line":26,"column":37}},"loc":{"start":{"line":26,"column":46},"end":{"line":28,"column":5}},"line":26},"6":{"name":"(anonymous_6)","decl":{"start":{"line":33,"column":2},"end":{"line":33,"column":3}},"loc":{"start":{"line":33,"column":17},"end":{"line":36,"column":3}},"line":33},"7":{"name":"(anonymous_7)","decl":{"start":{"line":34,"column":34},"end":{"line":34,"column":35}},"loc":{"start":{"line":34,"column":45},"end":{"line":34,"column":65}},"line":34},"8":{"name":"(anonymous_8)","decl":{"start":{"line":38,"column":2},"end":{"line":38,"column":3}},"loc":{"start":{"line":38,"column":13},"end":{"line":40,"column":3}},"line":38},"9":{"name":"(anonymous_9)","decl":{"start":{"line":42,"column":2},"end":{"line":42,"column":3}},"loc":{"start":{"line":42,"column":17},"end":{"line":50,"column":3}},"line":42},"10":{"name":"(anonymous_10)","decl":{"start":{"line":44,"column":34},"end":{"line":44,"column":35}},"loc":{"start":{"line":44,"column":45},"end":{"line":44,"column":65}},"line":44}},"branchMap":{"0":{"loc":{"start":{"line":24,"column":20},"end":{"line":24,"column":31}},"type":"binary-expr","locations":[{"start":{"line":24,"column":20},"end":{"line":24,"column":25}},{"start":{"line":24,"column":29},"end":{"line":24,"column":31}}],"line":24},"1":{"loc":{"start":{"line":26,"column":20},"end":{"line":28,"column":14}},"type":"binary-expr","locations":[{"start":{"line":26,"column":20},"end":{"line":28,"column":6}},{"start":{"line":28,"column":10},"end":{"line":28,"column":14}}],"line":26},"2":{"loc":{"start":{"line":27,"column":6},"end":{"line":27,"column":68}},"type":"if","locations":[{"start":{"line":27,"column":6},"end":{"line":27,"column":68}},{"start":{"line":27,"column":6},"end":{"line":27,"column":68}}],"line":27},"3":{"loc":{"start":{"line":30,"column":11},"end":{"line":30,"column":30}},"type":"binary-expr","locations":[{"start":{"line":30,"column":11},"end":{"line":30,"column":18}},{"start":{"line":30,"column":22},"end":{"line":30,"column":30}}],"line":30},"4":{"loc":{"start":{"line":47,"column":28},"end":{"line":47,"column":57}},"type":"cond-expr","locations":[{"start":{"line":47,"column":36},"end":{"line":47,"column":41}},{"start":{"line":47,"column":44},"end":{"line":47,"column":57}}],"line":47},"5":{"loc":{"start":{"line":48,"column":34},"end":{"line":48,"column":81}},"type":"cond-expr","locations":[{"start":{"line":48,"column":48},"end":{"line":48,"column":59}},{"start":{"line":48,"column":62},"end":{"line":48,"column":81}}],"line":48},"6":{"loc":{"start":{"line":49,"column":28},"end":{"line":49,"column":57}},"type":"cond-expr","locations":[{"start":{"line":49,"column":36},"end":{"line":49,"column":41}},{"start":{"line":49,"column":44},"end":{"line":49,"column":57}}],"line":49}},"s":{"0":5,"1":5,"2":5,"3":5,"4":7,"5":7,"6":7,"7":8,"8":4,"9":8,"10":3,"11":3,"12":3,"13":5,"14":4,"15":3,"16":9,"17":13,"18":9,"19":1,"20":2,"21":2,"22":3,"23":2,"24":2,"25":2,"26":2},"f":{"0":5,"1":7,"2":8,"3":4,"4":3,"5":5,"6":9,"7":13,"8":1,"9":2,"10":3},"b":{"0":[3,2],"1":[3,0],"2":[4,1],"3":[3,0],"4":[0,2],"5":[1,1],"6":[2,0]},"_coverageSchema":"1a1c01bbd47fc00a2c39e90264f33305004495a9","hash":"35afdc45ae6328dbcd5b55625847a42faa7e86b6"}
,"C:\\Users\\wemer\\Documents\\commerce-system2.0\\test\\fakes\\fakelocator.js": {"path":"C:\\Users\\wemer\\Documents\\commerce-system2.0\\test\\fakes\\fakelocator.js","statementMap":{"0":{"start":{"line":1,"column":30},"end":{"line":1,"column":64}},"1":{"start":{"line":2,"column":29},"end":{"line":2,"column":62}},"2":{"start":{"line":5,"column":16},"end":{"line":8,"column":3}},"3":{"start":{"line":9,"column":2},"end":{"line":9,"column":15}},"4":{"start":{"line":12,"column":0},"end":{"line":12,"column":31}}},"fnMap":{"0":{"name":"builderDean","decl":{"start":{"line":4,"column":9},"end":{"line":4,"column":20}},"loc":{"start":{"line":4,"column":23},"end":{"line":10,"column":1}},"line":4}},"branchMap":{},"s":{"0":5,"1":5,"2":5,"3":5,"4":5},"f":{"0":5},"b":{},"_coverageSchema":"1a1c01bbd47fc00a2c39e90264f33305004495a9","hash":"ce904fda95f1221b29e43b5cc5254503014051a8"}
}
