{"C:\\Users\\wemer\\Documents\\commerce-system2.0\\src\\application\\useCases\\Sale\\index.js": {"path":"C:\\Users\\wemer\\Documents\\commerce-system2.0\\src\\application\\useCases\\Sale\\index.js","statementMap":{"0":{"start":{"line":1,"column":0},"end":{"line":4,"column":2}}},"fnMap":{},"branchMap":{},"s":{"0":1},"f":{},"b":{},"_coverageSchema":"1a1c01bbd47fc00a2c39e90264f33305004495a9","hash":"64e58178c2a78ae7507cab2eb2b193cac2796965"}
,"C:\\Users\\wemer\\Documents\\commerce-system2.0\\src\\application\\useCases\\Sale\\listSales.js": {"path":"C:\\Users\\wemer\\Documents\\commerce-system2.0\\src\\application\\useCases\\Sale\\listSales.js","statementMap":{"0":{"start":{"line":1,"column":28},"end":{"line":1,"column":75}},"1":{"start":{"line":3,"column":0},"end":{"line":13,"column":2}},"2":{"start":{"line":5,"column":4},"end":{"line":9,"column":5}},"3":{"start":{"line":6,"column":19},"end":{"line":6,"column":47}},"4":{"start":{"line":7,"column":6},"end":{"line":7,"column":62}},"5":{"start":{"line":7,"column":17},"end":{"line":7,"column":62}},"6":{"start":{"line":8,"column":6},"end":{"line":8,"column":18}},"7":{"start":{"line":10,"column":18},"end":{"line":10,"column":47}},"8":{"start":{"line":11,"column":4},"end":{"line":11,"column":17}}},"fnMap":{"0":{"name":"(anonymous_0)","decl":{"start":{"line":4,"column":2},"end":{"line":4,"column":3}},"loc":{"start":{"line":4,"column":40},"end":{"line":12,"column":3}},"line":4}},"branchMap":{"0":{"loc":{"start":{"line":5,"column":4},"end":{"line":9,"column":5}},"type":"if","locations":[{"start":{"line":5,"column":4},"end":{"line":9,"column":5}},{"start":{"line":5,"column":4},"end":{"line":9,"column":5}}],"line":5},"1":{"loc":{"start":{"line":7,"column":6},"end":{"line":7,"column":62}},"type":"if","locations":[{"start":{"line":7,"column":6},"end":{"line":7,"column":62}},{"start":{"line":7,"column":6},"end":{"line":7,"column":62}}],"line":7}},"s":{"0":1,"1":1,"2":3,"3":2,"4":2,"5":1,"6":1,"7":1,"8":1},"f":{"0":3},"b":{"0":[2,1],"1":[1,1]},"_coverageSchema":"1a1c01bbd47fc00a2c39e90264f33305004495a9","hash":"ec48361a4edd0c493016ccc9df6a85272e0c2bd9"}
,"C:\\Users\\wemer\\Documents\\commerce-system2.0\\src\\application\\useCases\\Sale\\newSale.js": {"path":"C:\\Users\\wemer\\Documents\\commerce-system2.0\\src\\application\\useCases\\Sale\\newSale.js","statementMap":{"0":{"start":{"line":1,"column":13},"end":{"line":1,"column":49}},"1":{"start":{"line":2,"column":28},"end":{"line":2,"column":75}},"2":{"start":{"line":4,"column":0},"end":{"line":17,"column":2}},"3":{"start":{"line":6,"column":48},"end":{"line":6,"column":62}},"4":{"start":{"line":8,"column":22},"end":{"line":8,"column":67}},"5":{"start":{"line":9,"column":4},"end":{"line":9,"column":68}},"6":{"start":{"line":9,"column":20},"end":{"line":9,"column":68}},"7":{"start":{"line":11,"column":24},"end":{"line":11,"column":66}},"8":{"start":{"line":12,"column":4},"end":{"line":12,"column":69}},"9":{"start":{"line":12,"column":22},"end":{"line":12,"column":69}},"10":{"start":{"line":14,"column":20},"end":{"line":14,"column":80}},"11":{"start":{"line":15,"column":4},"end":{"line":15,"column":19}}},"fnMap":{"0":{"name":"(anonymous_0)","decl":{"start":{"line":5,"column":2},"end":{"line":5,"column":3}},"loc":{"start":{"line":5,"column":79},"end":{"line":16,"column":3}},"line":5}},"branchMap":{"0":{"loc":{"start":{"line":9,"column":4},"end":{"line":9,"column":68}},"type":"if","locations":[{"start":{"line":9,"column":4},"end":{"line":9,"column":68}},{"start":{"line":9,"column":4},"end":{"line":9,"column":68}}],"line":9},"1":{"loc":{"start":{"line":12,"column":4},"end":{"line":12,"column":69}},"type":"if","locations":[{"start":{"line":12,"column":4},"end":{"line":12,"column":69}},{"start":{"line":12,"column":4},"end":{"line":12,"column":69}}],"line":12}},"s":{"0":2,"1":2,"2":2,"3":9,"4":7,"5":7,"6":1,"7":6,"8":6,"9":1,"10":5,"11":5},"f":{"0":9},"b":{"0":[1,6],"1":[1,5]},"_coverageSchema":"1a1c01bbd47fc00a2c39e90264f33305004495a9","hash":"64c48e233959fd7bfb0eb77cc69e6c7e6958ddd7"}
,"C:\\Users\\wemer\\Documents\\commerce-system2.0\\src\\application\\useCases\\products\\createProduct.js": {"path":"C:\\Users\\wemer\\Documents\\commerce-system2.0\\src\\application\\useCases\\products\\createProduct.js","statementMap":{"0":{"start":{"line":1,"column":28},"end":{"line":1,"column":75}},"1":{"start":{"line":2,"column":16},"end":{"line":2,"column":58}},"2":{"start":{"line":4,"column":0},"end":{"line":17,"column":2}},"3":{"start":{"line":8,"column":8},"end":{"line":8,"column":25}},"4":{"start":{"line":10,"column":25},"end":{"line":10,"column":67}},"5":{"start":{"line":12,"column":4},"end":{"line":12,"column":74}},"6":{"start":{"line":12,"column":22},"end":{"line":12,"column":74}},"7":{"start":{"line":14,"column":23},"end":{"line":14,"column":87}},"8":{"start":{"line":15,"column":4},"end":{"line":15,"column":22}}},"fnMap":{"0":{"name":"(anonymous_0)","decl":{"start":{"line":5,"column":2},"end":{"line":5,"column":3}},"loc":{"start":{"line":5,"column":45},"end":{"line":16,"column":3}},"line":5}},"branchMap":{"0":{"loc":{"start":{"line":12,"column":4},"end":{"line":12,"column":74}},"type":"if","locations":[{"start":{"line":12,"column":4},"end":{"line":12,"column":74}},{"start":{"line":12,"column":4},"end":{"line":12,"column":74}}],"line":12}},"s":{"0":7,"1":7,"2":7,"3":18,"4":13,"5":13,"6":1,"7":12,"8":12},"f":{"0":18},"b":{"0":[1,12]},"_coverageSchema":"1a1c01bbd47fc00a2c39e90264f33305004495a9","hash":"d7b4007d92d939e75a493e1461d6dbbc03befcb6"}
,"C:\\Users\\wemer\\Documents\\commerce-system2.0\\src\\application\\useCases\\products\\deleteProduct.js": {"path":"C:\\Users\\wemer\\Documents\\commerce-system2.0\\src\\application\\useCases\\products\\deleteProduct.js","statementMap":{"0":{"start":{"line":1,"column":28},"end":{"line":1,"column":75}},"1":{"start":{"line":3,"column":0},"end":{"line":10,"column":2}},"2":{"start":{"line":5,"column":20},"end":{"line":5,"column":58}},"3":{"start":{"line":6,"column":4},"end":{"line":6,"column":66}},"4":{"start":{"line":6,"column":18},"end":{"line":6,"column":66}},"5":{"start":{"line":8,"column":4},"end":{"line":8,"column":39}}},"fnMap":{"0":{"name":"(anonymous_0)","decl":{"start":{"line":4,"column":2},"end":{"line":4,"column":3}},"loc":{"start":{"line":4,"column":43},"end":{"line":9,"column":3}},"line":4}},"branchMap":{"0":{"loc":{"start":{"line":6,"column":4},"end":{"line":6,"column":66}},"type":"if","locations":[{"start":{"line":6,"column":4},"end":{"line":6,"column":66}},{"start":{"line":6,"column":4},"end":{"line":6,"column":66}}],"line":6}},"s":{"0":2,"1":2,"2":2,"3":2,"4":1,"5":1},"f":{"0":2},"b":{"0":[1,1]},"_coverageSchema":"1a1c01bbd47fc00a2c39e90264f33305004495a9","hash":"ab5c0dbdad820b33e973fbd7a22c7abe703fe7bc"}
,"C:\\Users\\wemer\\Documents\\commerce-system2.0\\src\\application\\useCases\\products\\editProduct.js": {"path":"C:\\Users\\wemer\\Documents\\commerce-system2.0\\src\\application\\useCases\\products\\editProduct.js","statementMap":{"0":{"start":{"line":1,"column":28},"end":{"line":1,"column":75}},"1":{"start":{"line":3,"column":0},"end":{"line":11,"column":2}},"2":{"start":{"line":5,"column":20},"end":{"line":5,"column":58}},"3":{"start":{"line":6,"column":4},"end":{"line":6,"column":66}},"4":{"start":{"line":6,"column":18},"end":{"line":6,"column":66}},"5":{"start":{"line":8,"column":24},"end":{"line":8,"column":62}},"6":{"start":{"line":9,"column":4},"end":{"line":9,"column":23}}},"fnMap":{"0":{"name":"(anonymous_0)","decl":{"start":{"line":4,"column":2},"end":{"line":4,"column":3}},"loc":{"start":{"line":4,"column":49},"end":{"line":10,"column":3}},"line":4}},"branchMap":{"0":{"loc":{"start":{"line":6,"column":4},"end":{"line":6,"column":66}},"type":"if","locations":[{"start":{"line":6,"column":4},"end":{"line":6,"column":66}},{"start":{"line":6,"column":4},"end":{"line":6,"column":66}}],"line":6}},"s":{"0":2,"1":2,"2":3,"3":3,"4":1,"5":2,"6":2},"f":{"0":3},"b":{"0":[1,2]},"_coverageSchema":"1a1c01bbd47fc00a2c39e90264f33305004495a9","hash":"46364c8ee41443a388b866f69f4abaed83cc9ccb"}
,"C:\\Users\\wemer\\Documents\\commerce-system2.0\\src\\application\\useCases\\products\\index.js": {"path":"C:\\Users\\wemer\\Documents\\commerce-system2.0\\src\\application\\useCases\\products\\index.js","statementMap":{"0":{"start":{"line":1,"column":0},"end":{"line":6,"column":2}}},"fnMap":{},"branchMap":{},"s":{"0":2},"f":{},"b":{},"_coverageSchema":"1a1c01bbd47fc00a2c39e90264f33305004495a9","hash":"e702f578ab446a731159c8cdf6663cd57ad0cd55"}
,"C:\\Users\\wemer\\Documents\\commerce-system2.0\\src\\application\\useCases\\products\\listProducts.js": {"path":"C:\\Users\\wemer\\Documents\\commerce-system2.0\\src\\application\\useCases\\products\\listProducts.js","statementMap":{"0":{"start":{"line":1,"column":28},"end":{"line":1,"column":75}},"1":{"start":{"line":3,"column":0},"end":{"line":14,"column":2}},"2":{"start":{"line":5,"column":4},"end":{"line":9,"column":5}},"3":{"start":{"line":6,"column":22},"end":{"line":6,"column":60}},"4":{"start":{"line":7,"column":6},"end":{"line":7,"column":68}},"5":{"start":{"line":7,"column":20},"end":{"line":7,"column":68}},"6":{"start":{"line":8,"column":6},"end":{"line":8,"column":21}},"7":{"start":{"line":11,"column":21},"end":{"line":11,"column":63}},"8":{"start":{"line":12,"column":4},"end":{"line":12,"column":20}}},"fnMap":{"0":{"name":"(anonymous_0)","decl":{"start":{"line":4,"column":2},"end":{"line":4,"column":3}},"loc":{"start":{"line":4,"column":50},"end":{"line":13,"column":3}},"line":4}},"branchMap":{"0":{"loc":{"start":{"line":5,"column":4},"end":{"line":9,"column":5}},"type":"if","locations":[{"start":{"line":5,"column":4},"end":{"line":9,"column":5}},{"start":{"line":5,"column":4},"end":{"line":9,"column":5}}],"line":5},"1":{"loc":{"start":{"line":7,"column":6},"end":{"line":7,"column":68}},"type":"if","locations":[{"start":{"line":7,"column":6},"end":{"line":7,"column":68}},{"start":{"line":7,"column":6},"end":{"line":7,"column":68}}],"line":7}},"s":{"0":3,"1":3,"2":7,"3":4,"4":4,"5":1,"6":3,"7":3,"8":3},"f":{"0":7},"b":{"0":[4,3],"1":[1,3]},"_coverageSchema":"1a1c01bbd47fc00a2c39e90264f33305004495a9","hash":"312d3106523c3e37e3b69dff3efcd0e32b2c422e"}
,"C:\\Users\\wemer\\Documents\\commerce-system2.0\\src\\application\\useCases\\purchase\\newPurchase.js": {"path":"C:\\Users\\wemer\\Documents\\commerce-system2.0\\src\\application\\useCases\\purchase\\newPurchase.js","statementMap":{"0":{"start":{"line":1,"column":17},"end":{"line":1,"column":61}},"1":{"start":{"line":2,"column":28},"end":{"line":2,"column":75}},"2":{"start":{"line":4,"column":0},"end":{"line":14,"column":2}},"3":{"start":{"line":6,"column":31},"end":{"line":6,"column":49}},"4":{"start":{"line":8,"column":22},"end":{"line":8,"column":67}},"5":{"start":{"line":9,"column":4},"end":{"line":9,"column":68}},"6":{"start":{"line":9,"column":20},"end":{"line":9,"column":68}},"7":{"start":{"line":11,"column":24},"end":{"line":11,"column":71}},"8":{"start":{"line":12,"column":4},"end":{"line":12,"column":23}}},"fnMap":{"0":{"name":"(anonymous_0)","decl":{"start":{"line":5,"column":2},"end":{"line":5,"column":3}},"loc":{"start":{"line":5,"column":65},"end":{"line":13,"column":3}},"line":5}},"branchMap":{"0":{"loc":{"start":{"line":9,"column":4},"end":{"line":9,"column":68}},"type":"if","locations":[{"start":{"line":9,"column":4},"end":{"line":9,"column":68}},{"start":{"line":9,"column":4},"end":{"line":9,"column":68}}],"line":9}},"s":{"0":1,"1":1,"2":1,"3":3,"4":3,"5":3,"6":1,"7":2,"8":2},"f":{"0":3},"b":{"0":[1,2]},"_coverageSchema":"1a1c01bbd47fc00a2c39e90264f33305004495a9","hash":"2ddeed7d395844b93f157e10a5dffd9587469095"}
,"C:\\Users\\wemer\\Documents\\commerce-system2.0\\src\\application\\useCases\\seller\\deleteSeller.js": {"path":"C:\\Users\\wemer\\Documents\\commerce-system2.0\\src\\application\\useCases\\seller\\deleteSeller.js","statementMap":{"0":{"start":{"line":1,"column":28},"end":{"line":1,"column":75}},"1":{"start":{"line":3,"column":0},"end":{"line":10,"column":2}},"2":{"start":{"line":5,"column":24},"end":{"line":5,"column":60}},"3":{"start":{"line":6,"column":4},"end":{"line":6,"column":69}},"4":{"start":{"line":6,"column":22},"end":{"line":6,"column":69}},"5":{"start":{"line":8,"column":4},"end":{"line":8,"column":38}}},"fnMap":{"0":{"name":"(anonymous_0)","decl":{"start":{"line":4,"column":2},"end":{"line":4,"column":3}},"loc":{"start":{"line":4,"column":42},"end":{"line":9,"column":3}},"line":4}},"branchMap":{"0":{"loc":{"start":{"line":6,"column":4},"end":{"line":6,"column":69}},"type":"if","locations":[{"start":{"line":6,"column":4},"end":{"line":6,"column":69}},{"start":{"line":6,"column":4},"end":{"line":6,"column":69}}],"line":6}},"s":{"0":3,"1":3,"2":2,"3":2,"4":1,"5":1},"f":{"0":2},"b":{"0":[1,1]},"_coverageSchema":"1a1c01bbd47fc00a2c39e90264f33305004495a9","hash":"a64d926b4a51f5c525e2bd31ba5e651520cb3806"}
,"C:\\Users\\wemer\\Documents\\commerce-system2.0\\src\\application\\useCases\\seller\\editSeller.js": {"path":"C:\\Users\\wemer\\Documents\\commerce-system2.0\\src\\application\\useCases\\seller\\editSeller.js","statementMap":{"0":{"start":{"line":1,"column":28},"end":{"line":1,"column":75}},"1":{"start":{"line":3,"column":0},"end":{"line":11,"column":2}},"2":{"start":{"line":5,"column":19},"end":{"line":5,"column":55}},"3":{"start":{"line":6,"column":4},"end":{"line":6,"column":64}},"4":{"start":{"line":6,"column":17},"end":{"line":6,"column":64}},"5":{"start":{"line":8,"column":23},"end":{"line":8,"column":60}},"6":{"start":{"line":9,"column":4},"end":{"line":9,"column":22}}},"fnMap":{"0":{"name":"(anonymous_0)","decl":{"start":{"line":4,"column":2},"end":{"line":4,"column":3}},"loc":{"start":{"line":4,"column":48},"end":{"line":10,"column":3}},"line":4}},"branchMap":{"0":{"loc":{"start":{"line":6,"column":4},"end":{"line":6,"column":64}},"type":"if","locations":[{"start":{"line":6,"column":4},"end":{"line":6,"column":64}},{"start":{"line":6,"column":4},"end":{"line":6,"column":64}}],"line":6}},"s":{"0":3,"1":3,"2":3,"3":3,"4":1,"5":2,"6":2},"f":{"0":3},"b":{"0":[1,2]},"_coverageSchema":"1a1c01bbd47fc00a2c39e90264f33305004495a9","hash":"eecd3e38424b2b22d31b45ff57c5468fb710a68a"}
,"C:\\Users\\wemer\\Documents\\commerce-system2.0\\src\\application\\useCases\\seller\\index.js": {"path":"C:\\Users\\wemer\\Documents\\commerce-system2.0\\src\\application\\useCases\\seller\\index.js","statementMap":{"0":{"start":{"line":1,"column":0},"end":{"line":6,"column":2}}},"fnMap":{},"branchMap":{},"s":{"0":3},"f":{},"b":{},"_coverageSchema":"1a1c01bbd47fc00a2c39e90264f33305004495a9","hash":"02ca3471a5db59941df2f93d61e853809ec9a2c8"}
,"C:\\Users\\wemer\\Documents\\commerce-system2.0\\src\\application\\useCases\\seller\\listSellers.js": {"path":"C:\\Users\\wemer\\Documents\\commerce-system2.0\\src\\application\\useCases\\seller\\listSellers.js","statementMap":{"0":{"start":{"line":1,"column":28},"end":{"line":1,"column":75}},"1":{"start":{"line":3,"column":0},"end":{"line":13,"column":2}},"2":{"start":{"line":5,"column":4},"end":{"line":9,"column":5}},"3":{"start":{"line":6,"column":21},"end":{"line":6,"column":57}},"4":{"start":{"line":7,"column":6},"end":{"line":7,"column":66}},"5":{"start":{"line":7,"column":19},"end":{"line":7,"column":66}},"6":{"start":{"line":8,"column":6},"end":{"line":8,"column":20}},"7":{"start":{"line":10,"column":20},"end":{"line":10,"column":51}},"8":{"start":{"line":11,"column":4},"end":{"line":11,"column":19}}},"fnMap":{"0":{"name":"(anonymous_0)","decl":{"start":{"line":4,"column":2},"end":{"line":4,"column":3}},"loc":{"start":{"line":4,"column":42},"end":{"line":12,"column":3}},"line":4}},"branchMap":{"0":{"loc":{"start":{"line":5,"column":4},"end":{"line":9,"column":5}},"type":"if","locations":[{"start":{"line":5,"column":4},"end":{"line":9,"column":5}},{"start":{"line":5,"column":4},"end":{"line":9,"column":5}}],"line":5},"1":{"loc":{"start":{"line":7,"column":6},"end":{"line":7,"column":66}},"type":"if","locations":[{"start":{"line":7,"column":6},"end":{"line":7,"column":66}},{"start":{"line":7,"column":6},"end":{"line":7,"column":66}}],"line":7}},"s":{"0":3,"1":3,"2":6,"3":2,"4":2,"5":1,"6":1,"7":4,"8":4},"f":{"0":6},"b":{"0":[2,4],"1":[1,1]},"_coverageSchema":"1a1c01bbd47fc00a2c39e90264f33305004495a9","hash":"41be84b23194d7f7c2fc08b0214134e7a625cee6"}
,"C:\\Users\\wemer\\Documents\\commerce-system2.0\\src\\application\\useCases\\seller\\newSeller.js": {"path":"C:\\Users\\wemer\\Documents\\commerce-system2.0\\src\\application\\useCases\\seller\\newSeller.js","statementMap":{"0":{"start":{"line":1,"column":15},"end":{"line":1,"column":55}},"1":{"start":{"line":2,"column":28},"end":{"line":2,"column":75}},"2":{"start":{"line":4,"column":0},"end":{"line":17,"column":2}},"3":{"start":{"line":8,"column":8},"end":{"line":8,"column":24}},"4":{"start":{"line":10,"column":25},"end":{"line":10,"column":64}},"5":{"start":{"line":12,"column":4},"end":{"line":12,"column":78}},"6":{"start":{"line":12,"column":22},"end":{"line":12,"column":78}},"7":{"start":{"line":14,"column":23},"end":{"line":14,"column":71}},"8":{"start":{"line":15,"column":4},"end":{"line":15,"column":22}}},"fnMap":{"0":{"name":"(anonymous_0)","decl":{"start":{"line":5,"column":2},"end":{"line":5,"column":3}},"loc":{"start":{"line":5,"column":44},"end":{"line":16,"column":3}},"line":5}},"branchMap":{"0":{"loc":{"start":{"line":12,"column":4},"end":{"line":12,"column":78}},"type":"if","locations":[{"start":{"line":12,"column":4},"end":{"line":12,"column":78}},{"start":{"line":12,"column":4},"end":{"line":12,"column":78}}],"line":12}},"s":{"0":6,"1":6,"2":6,"3":17,"4":11,"5":11,"6":1,"7":10,"8":10},"f":{"0":17},"b":{"0":[1,10]},"_coverageSchema":"1a1c01bbd47fc00a2c39e90264f33305004495a9","hash":"c68d025b4b77772494125c9e0c45bc7405b1c812"}
,"C:\\Users\\wemer\\Documents\\commerce-system2.0\\src\\domain\\errors.js": {"path":"C:\\Users\\wemer\\Documents\\commerce-system2.0\\src\\domain\\errors.js","statementMap":{"0":{"start":{"line":3,"column":4},"end":{"line":3,"column":19}},"1":{"start":{"line":4,"column":4},"end":{"line":4,"column":22}},"2":{"start":{"line":10,"column":4},"end":{"line":10,"column":19}},"3":{"start":{"line":14,"column":0},"end":{"line":14,"column":48}}},"fnMap":{"0":{"name":"(anonymous_0)","decl":{"start":{"line":2,"column":2},"end":{"line":2,"column":3}},"loc":{"start":{"line":2,"column":23},"end":{"line":5,"column":3}},"line":2},"1":{"name":"(anonymous_1)","decl":{"start":{"line":9,"column":2},"end":{"line":9,"column":3}},"loc":{"start":{"line":9,"column":23},"end":{"line":11,"column":3}},"line":9}},"branchMap":{},"s":{"0":26,"1":26,"2":26,"3":11},"f":{"0":26,"1":26},"b":{},"_coverageSchema":"1a1c01bbd47fc00a2c39e90264f33305004495a9","hash":"df466257c4fc1418a7ef6c7835140a095a7fe7b8"}
,"C:\\Users\\wemer\\Documents\\commerce-system2.0\\src\\domain\\Product\\Product.js": {"path":"C:\\Users\\wemer\\Documents\\commerce-system2.0\\src\\domain\\Product\\Product.js","statementMap":{"0":{"start":{"line":1,"column":21},"end":{"line":1,"column":76}},"1":{"start":{"line":3,"column":0},"end":{"line":12,"column":2}},"2":{"start":{"line":5,"column":4},"end":{"line":5,"column":19}},"3":{"start":{"line":7,"column":4},"end":{"line":7,"column":42}},"4":{"start":{"line":8,"column":4},"end":{"line":8,"column":54}},"5":{"start":{"line":9,"column":4},"end":{"line":9,"column":28}},"6":{"start":{"line":10,"column":4},"end":{"line":10,"column":33}}},"fnMap":{"0":{"name":"(anonymous_0)","decl":{"start":{"line":4,"column":2},"end":{"line":4,"column":3}},"loc":{"start":{"line":4,"column":20},"end":{"line":11,"column":3}},"line":4}},"branchMap":{"0":{"loc":{"start":{"line":10,"column":17},"end":{"line":10,"column":32}},"type":"binary-expr","locations":[{"start":{"line":10,"column":17},"end":{"line":10,"column":27}},{"start":{"line":10,"column":31},"end":{"line":10,"column":32}}],"line":10}},"s":{"0":7,"1":7,"2":18,"3":13,"4":13,"5":13,"6":13},"f":{"0":18},"b":{"0":[13,13]},"_coverageSchema":"1a1c01bbd47fc00a2c39e90264f33305004495a9","hash":"e21bfd04675550a1b60a5c6ac338a9f0e21c6e12"}
,"C:\\Users\\wemer\\Documents\\commerce-system2.0\\src\\domain\\Product\\productRepository.js": {"path":"C:\\Users\\wemer\\Documents\\commerce-system2.0\\src\\domain\\Product\\productRepository.js","statementMap":{"0":{"start":{"line":1,"column":0},"end":{"line":13,"column":2}}},"fnMap":{"0":{"name":"(anonymous_0)","decl":{"start":{"line":2,"column":2},"end":{"line":2,"column":3}},"loc":{"start":{"line":2,"column":11},"end":{"line":2,"column":13}},"line":2},"1":{"name":"(anonymous_1)","decl":{"start":{"line":4,"column":2},"end":{"line":4,"column":3}},"loc":{"start":{"line":4,"column":16},"end":{"line":4,"column":18}},"line":4},"2":{"name":"(anonymous_2)","decl":{"start":{"line":6,"column":2},"end":{"line":6,"column":3}},"loc":{"start":{"line":6,"column":16},"end":{"line":6,"column":18}},"line":6},"3":{"name":"(anonymous_3)","decl":{"start":{"line":8,"column":2},"end":{"line":8,"column":3}},"loc":{"start":{"line":8,"column":15},"end":{"line":8,"column":17}},"line":8},"4":{"name":"(anonymous_4)","decl":{"start":{"line":10,"column":2},"end":{"line":10,"column":3}},"loc":{"start":{"line":10,"column":11},"end":{"line":10,"column":13}},"line":10},"5":{"name":"(anonymous_5)","decl":{"start":{"line":12,"column":2},"end":{"line":12,"column":3}},"loc":{"start":{"line":12,"column":9},"end":{"line":12,"column":11}},"line":12}},"branchMap":{},"s":{"0":11},"f":{"0":0,"1":0,"2":0,"3":0,"4":0,"5":0},"b":{},"_coverageSchema":"1a1c01bbd47fc00a2c39e90264f33305004495a9","hash":"5f6b7eb0c6ecdc4361955d9f1e488ed07459004c"}
,"C:\\Users\\wemer\\Documents\\commerce-system2.0\\src\\domain\\purchase\\Purchase.js": {"path":"C:\\Users\\wemer\\Documents\\commerce-system2.0\\src\\domain\\purchase\\Purchase.js","statementMap":{"0":{"start":{"line":1,"column":26},"end":{"line":1,"column":46}},"1":{"start":{"line":3,"column":0},"end":{"line":11,"column":2}},"2":{"start":{"line":5,"column":26},"end":{"line":5,"column":30}},"3":{"start":{"line":6,"column":4},"end":{"line":6,"column":70}},"4":{"start":{"line":6,"column":20},"end":{"line":6,"column":70}},"5":{"start":{"line":8,"column":4},"end":{"line":8,"column":36}},"6":{"start":{"line":9,"column":4},"end":{"line":9,"column":29}}},"fnMap":{"0":{"name":"(anonymous_0)","decl":{"start":{"line":4,"column":2},"end":{"line":4,"column":3}},"loc":{"start":{"line":4,"column":20},"end":{"line":10,"column":3}},"line":4}},"branchMap":{"0":{"loc":{"start":{"line":6,"column":4},"end":{"line":6,"column":70}},"type":"if","locations":[{"start":{"line":6,"column":4},"end":{"line":6,"column":70}},{"start":{"line":6,"column":4},"end":{"line":6,"column":70}}],"line":6},"1":{"loc":{"start":{"line":9,"column":15},"end":{"line":9,"column":28}},"type":"binary-expr","locations":[{"start":{"line":9,"column":15},"end":{"line":9,"column":23}},{"start":{"line":9,"column":27},"end":{"line":9,"column":28}}],"line":9}},"s":{"0":1,"1":1,"2":3,"3":3,"4":0,"5":3,"6":3},"f":{"0":3},"b":{"0":[0,3],"1":[3,1]},"_coverageSchema":"1a1c01bbd47fc00a2c39e90264f33305004495a9","hash":"3f5bda292188398edf94fafa93c94d3a7cf27cce"}
,"C:\\Users\\wemer\\Documents\\commerce-system2.0\\src\\domain\\purchase\\purchaseRepository.js": {"path":"C:\\Users\\wemer\\Documents\\commerce-system2.0\\src\\domain\\purchase\\purchaseRepository.js","statementMap":{"0":{"start":{"line":1,"column":0},"end":{"line":7,"column":2}}},"fnMap":{"0":{"name":"(anonymous_0)","decl":{"start":{"line":2,"column":2},"end":{"line":2,"column":3}},"loc":{"start":{"line":2,"column":11},"end":{"line":2,"column":13}},"line":2},"1":{"name":"(anonymous_1)","decl":{"start":{"line":4,"column":2},"end":{"line":4,"column":3}},"loc":{"start":{"line":4,"column":8},"end":{"line":4,"column":10}},"line":4},"2":{"name":"(anonymous_2)","decl":{"start":{"line":6,"column":2},"end":{"line":6,"column":3}},"loc":{"start":{"line":6,"column":11},"end":{"line":6,"column":13}},"line":6}},"branchMap":{},"s":{"0":11},"f":{"0":0,"1":0,"2":0},"b":{},"_coverageSchema":"1a1c01bbd47fc00a2c39e90264f33305004495a9","hash":"cb69d4f50df69f2ee8f616d246cdb8c009a0e630"}
,"C:\\Users\\wemer\\Documents\\commerce-system2.0\\src\\domain\\sale\\Sale.js": {"path":"C:\\Users\\wemer\\Documents\\commerce-system2.0\\src\\domain\\sale\\Sale.js","statementMap":{"0":{"start":{"line":1,"column":26},"end":{"line":1,"column":46}},"1":{"start":{"line":3,"column":0},"end":{"line":13,"column":2}},"2":{"start":{"line":5,"column":36},"end":{"line":5,"column":40}},"3":{"start":{"line":6,"column":4},"end":{"line":6,"column":70}},"4":{"start":{"line":6,"column":20},"end":{"line":6,"column":70}},"5":{"start":{"line":7,"column":4},"end":{"line":7,"column":68}},"6":{"start":{"line":7,"column":19},"end":{"line":7,"column":68}},"7":{"start":{"line":9,"column":4},"end":{"line":9,"column":36}},"8":{"start":{"line":10,"column":4},"end":{"line":10,"column":34}},"9":{"start":{"line":11,"column":4},"end":{"line":11,"column":51}}},"fnMap":{"0":{"name":"(anonymous_0)","decl":{"start":{"line":4,"column":2},"end":{"line":4,"column":3}},"loc":{"start":{"line":4,"column":20},"end":{"line":12,"column":3}},"line":4}},"branchMap":{"0":{"loc":{"start":{"line":6,"column":4},"end":{"line":6,"column":70}},"type":"if","locations":[{"start":{"line":6,"column":4},"end":{"line":6,"column":70}},{"start":{"line":6,"column":4},"end":{"line":6,"column":70}}],"line":6},"1":{"loc":{"start":{"line":7,"column":4},"end":{"line":7,"column":68}},"type":"if","locations":[{"start":{"line":7,"column":4},"end":{"line":7,"column":68}},{"start":{"line":7,"column":4},"end":{"line":7,"column":68}}],"line":7},"2":{"loc":{"start":{"line":11,"column":22},"end":{"line":11,"column":50}},"type":"binary-expr","locations":[{"start":{"line":11,"column":22},"end":{"line":11,"column":37}},{"start":{"line":11,"column":41},"end":{"line":11,"column":50}}],"line":11}},"s":{"0":2,"1":2,"2":9,"3":9,"4":1,"5":8,"6":1,"7":7,"8":7,"9":7},"f":{"0":9},"b":{"0":[1,8],"1":[1,7],"2":[7,3]},"_coverageSchema":"1a1c01bbd47fc00a2c39e90264f33305004495a9","hash":"0e06fab1376c0a3d570cc220adedce7e6274ad44"}
,"C:\\Users\\wemer\\Documents\\commerce-system2.0\\src\\domain\\sale\\saleRepository.js": {"path":"C:\\Users\\wemer\\Documents\\commerce-system2.0\\src\\domain\\sale\\saleRepository.js","statementMap":{"0":{"start":{"line":1,"column":0},"end":{"line":7,"column":2}}},"fnMap":{"0":{"name":"(anonymous_0)","decl":{"start":{"line":2,"column":2},"end":{"line":2,"column":3}},"loc":{"start":{"line":2,"column":11},"end":{"line":2,"column":13}},"line":2},"1":{"name":"(anonymous_1)","decl":{"start":{"line":4,"column":2},"end":{"line":4,"column":3}},"loc":{"start":{"line":4,"column":8},"end":{"line":4,"column":10}},"line":4},"2":{"name":"(anonymous_2)","decl":{"start":{"line":6,"column":2},"end":{"line":6,"column":3}},"loc":{"start":{"line":6,"column":11},"end":{"line":6,"column":13}},"line":6}},"branchMap":{},"s":{"0":11},"f":{"0":0,"1":0,"2":0},"b":{},"_coverageSchema":"1a1c01bbd47fc00a2c39e90264f33305004495a9","hash":"5e846645aeb0a0ef0180555ffba8a5774d5ead81"}
,"C:\\Users\\wemer\\Documents\\commerce-system2.0\\src\\domain\\seller\\Seller.js": {"path":"C:\\Users\\wemer\\Documents\\commerce-system2.0\\src\\domain\\seller\\Seller.js","statementMap":{"0":{"start":{"line":1,"column":21},"end":{"line":1,"column":75}},"1":{"start":{"line":3,"column":0},"end":{"line":11,"column":2}},"2":{"start":{"line":5,"column":4},"end":{"line":5,"column":19}},"3":{"start":{"line":7,"column":4},"end":{"line":7,"column":26}},"4":{"start":{"line":8,"column":4},"end":{"line":8,"column":28}},"5":{"start":{"line":9,"column":4},"end":{"line":9,"column":26}}},"fnMap":{"0":{"name":"(anonymous_0)","decl":{"start":{"line":4,"column":2},"end":{"line":4,"column":3}},"loc":{"start":{"line":4,"column":20},"end":{"line":10,"column":3}},"line":4}},"branchMap":{},"s":{"0":6,"1":6,"2":17,"3":11,"4":11,"5":11},"f":{"0":17},"b":{},"_coverageSchema":"1a1c01bbd47fc00a2c39e90264f33305004495a9","hash":"5300e8912e6909df5fa725a466f35e420123e7d1"}
,"C:\\Users\\wemer\\Documents\\commerce-system2.0\\src\\domain\\seller\\sellerRepository.js": {"path":"C:\\Users\\wemer\\Documents\\commerce-system2.0\\src\\domain\\seller\\sellerRepository.js","statementMap":{"0":{"start":{"line":1,"column":0},"end":{"line":13,"column":2}}},"fnMap":{"0":{"name":"(anonymous_0)","decl":{"start":{"line":2,"column":2},"end":{"line":2,"column":3}},"loc":{"start":{"line":2,"column":11},"end":{"line":2,"column":13}},"line":2},"1":{"name":"(anonymous_1)","decl":{"start":{"line":4,"column":2},"end":{"line":4,"column":3}},"loc":{"start":{"line":4,"column":15},"end":{"line":4,"column":17}},"line":4},"2":{"name":"(anonymous_2)","decl":{"start":{"line":6,"column":2},"end":{"line":6,"column":3}},"loc":{"start":{"line":6,"column":11},"end":{"line":6,"column":13}},"line":6},"3":{"name":"(anonymous_3)","decl":{"start":{"line":8,"column":2},"end":{"line":8,"column":3}},"loc":{"start":{"line":8,"column":11},"end":{"line":8,"column":13}},"line":8},"4":{"name":"(anonymous_4)","decl":{"start":{"line":10,"column":2},"end":{"line":10,"column":3}},"loc":{"start":{"line":10,"column":14},"end":{"line":10,"column":16}},"line":10},"5":{"name":"(anonymous_5)","decl":{"start":{"line":12,"column":2},"end":{"line":12,"column":3}},"loc":{"start":{"line":12,"column":9},"end":{"line":12,"column":11}},"line":12}},"branchMap":{},"s":{"0":11},"f":{"0":0,"1":0,"2":0,"3":0,"4":0,"5":0},"b":{},"_coverageSchema":"1a1c01bbd47fc00a2c39e90264f33305004495a9","hash":"f31264ded0f78fa874bee7e9bc9ee869b348c5c8"}
,"C:\\Users\\wemer\\Documents\\commerce-system2.0\\src\\infra\\validators\\joi\\product-validator.js": {"path":"C:\\Users\\wemer\\Documents\\commerce-system2.0\\src\\infra\\validators\\joi\\product-validator.js","statementMap":{"0":{"start":{"line":1,"column":12},"end":{"line":1,"column":26}},"1":{"start":{"line":2,"column":26},"end":{"line":2,"column":59}},"2":{"start":{"line":4,"column":35},"end":{"line":25,"column":2}},"3":{"start":{"line":27,"column":0},"end":{"line":35,"column":2}},"4":{"start":{"line":29,"column":22},"end":{"line":29,"column":66}},"5":{"start":{"line":30,"column":4},"end":{"line":32,"column":5}},"6":{"start":{"line":31,"column":6},"end":{"line":31,"column":56}},"7":{"start":{"line":33,"column":4},"end":{"line":33,"column":16}}},"fnMap":{"0":{"name":"(anonymous_0)","decl":{"start":{"line":28,"column":2},"end":{"line":28,"column":3}},"loc":{"start":{"line":28,"column":20},"end":{"line":34,"column":3}},"line":28}},"branchMap":{"0":{"loc":{"start":{"line":30,"column":4},"end":{"line":32,"column":5}},"type":"if","locations":[{"start":{"line":30,"column":4},"end":{"line":32,"column":5}},{"start":{"line":30,"column":4},"end":{"line":32,"column":5}}],"line":30}},"s":{"0":7,"1":7,"2":7,"3":7,"4":18,"5":18,"6":5,"7":13},"f":{"0":18},"b":{"0":[5,13]},"_coverageSchema":"1a1c01bbd47fc00a2c39e90264f33305004495a9","hash":"4bbb4d244918fda56425ece5b1fdc60339264283"}
,"C:\\Users\\wemer\\Documents\\commerce-system2.0\\src\\infra\\validators\\joi\\seller-validator.js": {"path":"C:\\Users\\wemer\\Documents\\commerce-system2.0\\src\\infra\\validators\\joi\\seller-validator.js","statementMap":{"0":{"start":{"line":1,"column":12},"end":{"line":1,"column":26}},"1":{"start":{"line":2,"column":26},"end":{"line":2,"column":59}},"2":{"start":{"line":4,"column":25},"end":{"line":26,"column":2}},"3":{"start":{"line":28,"column":0},"end":{"line":36,"column":2}},"4":{"start":{"line":30,"column":22},"end":{"line":30,"column":55}},"5":{"start":{"line":31,"column":4},"end":{"line":33,"column":5}},"6":{"start":{"line":32,"column":6},"end":{"line":32,"column":56}},"7":{"start":{"line":34,"column":4},"end":{"line":34,"column":16}}},"fnMap":{"0":{"name":"(anonymous_0)","decl":{"start":{"line":29,"column":2},"end":{"line":29,"column":3}},"loc":{"start":{"line":29,"column":19},"end":{"line":35,"column":3}},"line":29}},"branchMap":{"0":{"loc":{"start":{"line":31,"column":4},"end":{"line":33,"column":5}},"type":"if","locations":[{"start":{"line":31,"column":4},"end":{"line":33,"column":5}},{"start":{"line":31,"column":4},"end":{"line":33,"column":5}}],"line":31}},"s":{"0":6,"1":6,"2":6,"3":6,"4":17,"5":17,"6":6,"7":11},"f":{"0":17},"b":{"0":[6,11]},"_coverageSchema":"1a1c01bbd47fc00a2c39e90264f33305004495a9","hash":"61557dc8a10e96c65e0dcaef5fb65c7ae556d938"}
,"C:\\Users\\wemer\\Documents\\commerce-system2.0\\src\\interfaces\\http\\http-errors.js": {"path":"C:\\Users\\wemer\\Documents\\commerce-system2.0\\src\\interfaces\\http\\http-errors.js","statementMap":{"0":{"start":{"line":3,"column":4},"end":{"line":3,"column":19}},"1":{"start":{"line":4,"column":4},"end":{"line":4,"column":39}},"2":{"start":{"line":5,"column":4},"end":{"line":5,"column":22}},"3":{"start":{"line":11,"column":4},"end":{"line":11,"column":19}},"4":{"start":{"line":12,"column":4},"end":{"line":12,"column":31}},"5":{"start":{"line":13,"column":4},"end":{"line":13,"column":22}},"6":{"start":{"line":17,"column":0},"end":{"line":20,"column":2}}},"fnMap":{"0":{"name":"(anonymous_0)","decl":{"start":{"line":2,"column":2},"end":{"line":2,"column":3}},"loc":{"start":{"line":2,"column":23},"end":{"line":6,"column":3}},"line":2},"1":{"name":"(anonymous_1)","decl":{"start":{"line":10,"column":2},"end":{"line":10,"column":3}},"loc":{"start":{"line":10,"column":23},"end":{"line":14,"column":3}},"line":10}},"branchMap":{},"s":{"0":24,"1":24,"2":24,"3":24,"4":24,"5":24,"6":11},"f":{"0":24,"1":24},"b":{},"_coverageSchema":"1a1c01bbd47fc00a2c39e90264f33305004495a9","hash":"babab4bf81aba83f51ed0d793977a9959a49257f"}
,"C:\\Users\\wemer\\Documents\\commerce-system2.0\\test\\fakes\\FakePurchaseRepository.js": {"path":"C:\\Users\\wemer\\Documents\\commerce-system2.0\\test\\fakes\\FakePurchaseRepository.js","statementMap":{"0":{"start":{"line":1,"column":27},"end":{"line":1,"column":82}},"1":{"start":{"line":3,"column":18},"end":{"line":3,"column":20}},"2":{"start":{"line":5,"column":0},"end":{"line":18,"column":1}},"3":{"start":{"line":7,"column":4},"end":{"line":7,"column":11}},"4":{"start":{"line":11,"column":4},"end":{"line":11,"column":38}},"5":{"start":{"line":12,"column":4},"end":{"line":12,"column":29}}},"fnMap":{"0":{"name":"(anonymous_0)","decl":{"start":{"line":6,"column":2},"end":{"line":6,"column":3}},"loc":{"start":{"line":6,"column":16},"end":{"line":8,"column":3}},"line":6},"1":{"name":"(anonymous_1)","decl":{"start":{"line":10,"column":2},"end":{"line":10,"column":3}},"loc":{"start":{"line":10,"column":25},"end":{"line":13,"column":3}},"line":10},"2":{"name":"(anonymous_2)","decl":{"start":{"line":15,"column":2},"end":{"line":15,"column":3}},"loc":{"start":{"line":15,"column":8},"end":{"line":15,"column":10}},"line":15},"3":{"name":"(anonymous_3)","decl":{"start":{"line":17,"column":2},"end":{"line":17,"column":3}},"loc":{"start":{"line":17,"column":11},"end":{"line":17,"column":13}},"line":17}},"branchMap":{},"s":{"0":11,"1":11,"2":11,"3":11,"4":2,"5":2},"f":{"0":11,"1":2,"2":0,"3":0},"b":{},"_coverageSchema":"1a1c01bbd47fc00a2c39e90264f33305004495a9","hash":"063fc5ef8073de1629bc5f19fa8857ea2ccec506"}
,"C:\\Users\\wemer\\Documents\\commerce-system2.0\\test\\fakes\\FakeSaleRepository.js": {"path":"C:\\Users\\wemer\\Documents\\commerce-system2.0\\test\\fakes\\FakeSaleRepository.js","statementMap":{"0":{"start":{"line":1,"column":23},"end":{"line":1,"column":70}},"1":{"start":{"line":3,"column":14},"end":{"line":3,"column":16}},"2":{"start":{"line":5,"column":0},"end":{"line":22,"column":2}},"3":{"start":{"line":7,"column":4},"end":{"line":7,"column":12}},"4":{"start":{"line":11,"column":4},"end":{"line":11,"column":51}},"5":{"start":{"line":12,"column":4},"end":{"line":12,"column":47}},"6":{"start":{"line":16,"column":4},"end":{"line":16,"column":20}},"7":{"start":{"line":20,"column":4},"end":{"line":20,"column":16}}},"fnMap":{"0":{"name":"(anonymous_0)","decl":{"start":{"line":6,"column":2},"end":{"line":6,"column":3}},"loc":{"start":{"line":6,"column":16},"end":{"line":8,"column":3}},"line":6},"1":{"name":"(anonymous_1)","decl":{"start":{"line":10,"column":2},"end":{"line":10,"column":3}},"loc":{"start":{"line":10,"column":48},"end":{"line":13,"column":3}},"line":10},"2":{"name":"(anonymous_2)","decl":{"start":{"line":15,"column":2},"end":{"line":15,"column":3}},"loc":{"start":{"line":15,"column":10},"end":{"line":17,"column":3}},"line":15},"3":{"name":"(anonymous_3)","decl":{"start":{"line":19,"column":2},"end":{"line":19,"column":3}},"loc":{"start":{"line":19,"column":17},"end":{"line":21,"column":3}},"line":19}},"branchMap":{},"s":{"0":11,"1":11,"2":11,"3":11,"4":5,"5":5,"6":2,"7":1},"f":{"0":11,"1":5,"2":2,"3":1},"b":{},"_coverageSchema":"1a1c01bbd47fc00a2c39e90264f33305004495a9","hash":"e54750111cea475afc017b4ce48e89acf91432fc"}
,"C:\\Users\\wemer\\Documents\\commerce-system2.0\\test\\fakes\\FakeSellerRepository.js": {"path":"C:\\Users\\wemer\\Documents\\commerce-system2.0\\test\\fakes\\FakeSellerRepository.js","statementMap":{"0":{"start":{"line":1,"column":25},"end":{"line":1,"column":76}},"1":{"start":{"line":3,"column":14},"end":{"line":3,"column":16}},"2":{"start":{"line":5,"column":0},"end":{"line":43,"column":2}},"3":{"start":{"line":7,"column":4},"end":{"line":7,"column":12}},"4":{"start":{"line":11,"column":4},"end":{"line":11,"column":18}},"5":{"start":{"line":15,"column":4},"end":{"line":15,"column":61}},"6":{"start":{"line":19,"column":19},"end":{"line":19,"column":63}},"7":{"start":{"line":19,"column":42},"end":{"line":19,"column":62}},"8":{"start":{"line":20,"column":4},"end":{"line":20,"column":17}},"9":{"start":{"line":24,"column":17},"end":{"line":24,"column":38}},"10":{"start":{"line":25,"column":4},"end":{"line":25,"column":23}},"11":{"start":{"line":27,"column":4},"end":{"line":27,"column":16}},"12":{"start":{"line":30,"column":19},"end":{"line":30,"column":61}},"13":{"start":{"line":30,"column":42},"end":{"line":30,"column":60}},"14":{"start":{"line":31,"column":4},"end":{"line":31,"column":17}},"15":{"start":{"line":35,"column":34},"end":{"line":35,"column":38}},"16":{"start":{"line":36,"column":19},"end":{"line":36,"column":61}},"17":{"start":{"line":36,"column":42},"end":{"line":36,"column":60}},"18":{"start":{"line":37,"column":18},"end":{"line":37,"column":41}},"19":{"start":{"line":39,"column":4},"end":{"line":39,"column":51}},"20":{"start":{"line":40,"column":4},"end":{"line":40,"column":55}},"21":{"start":{"line":41,"column":4},"end":{"line":41,"column":54}}},"fnMap":{"0":{"name":"(anonymous_0)","decl":{"start":{"line":6,"column":2},"end":{"line":6,"column":3}},"loc":{"start":{"line":6,"column":16},"end":{"line":8,"column":3}},"line":6},"1":{"name":"(anonymous_1)","decl":{"start":{"line":10,"column":2},"end":{"line":10,"column":3}},"loc":{"start":{"line":10,"column":11},"end":{"line":12,"column":3}},"line":10},"2":{"name":"(anonymous_2)","decl":{"start":{"line":14,"column":2},"end":{"line":14,"column":3}},"loc":{"start":{"line":14,"column":13},"end":{"line":16,"column":3}},"line":14},"3":{"name":"(anonymous_3)","decl":{"start":{"line":18,"column":2},"end":{"line":18,"column":3}},"loc":{"start":{"line":18,"column":19},"end":{"line":21,"column":3}},"line":18},"4":{"name":"(anonymous_4)","decl":{"start":{"line":19,"column":32},"end":{"line":19,"column":33}},"loc":{"start":{"line":19,"column":42},"end":{"line":19,"column":62}},"line":19},"5":{"name":"(anonymous_5)","decl":{"start":{"line":23,"column":2},"end":{"line":23,"column":3}},"loc":{"start":{"line":23,"column":34},"end":{"line":28,"column":3}},"line":23},"6":{"name":"(anonymous_6)","decl":{"start":{"line":29,"column":2},"end":{"line":29,"column":3}},"loc":{"start":{"line":29,"column":16},"end":{"line":32,"column":3}},"line":29},"7":{"name":"(anonymous_7)","decl":{"start":{"line":30,"column":32},"end":{"line":30,"column":33}},"loc":{"start":{"line":30,"column":42},"end":{"line":30,"column":60}},"line":30},"8":{"name":"(anonymous_8)","decl":{"start":{"line":34,"column":2},"end":{"line":34,"column":3}},"loc":{"start":{"line":34,"column":17},"end":{"line":42,"column":3}},"line":34},"9":{"name":"(anonymous_9)","decl":{"start":{"line":36,"column":32},"end":{"line":36,"column":33}},"loc":{"start":{"line":36,"column":42},"end":{"line":36,"column":60}},"line":36}},"branchMap":{"0":{"loc":{"start":{"line":39,"column":26},"end":{"line":39,"column":51}},"type":"cond-expr","locations":[{"start":{"line":39,"column":33},"end":{"line":39,"column":37}},{"start":{"line":39,"column":40},"end":{"line":39,"column":51}}],"line":39},"1":{"loc":{"start":{"line":40,"column":27},"end":{"line":40,"column":55}},"type":"cond-expr","locations":[{"start":{"line":40,"column":35},"end":{"line":40,"column":40}},{"start":{"line":40,"column":43},"end":{"line":40,"column":55}}],"line":40},"2":{"loc":{"start":{"line":41,"column":27},"end":{"line":41,"column":54}},"type":"cond-expr","locations":[{"start":{"line":41,"column":35},"end":{"line":41,"column":39}},{"start":{"line":41,"column":43},"end":{"line":41,"column":54}}],"line":41}},"s":{"0":11,"1":11,"2":11,"3":11,"4":4,"5":1,"6":11,"7":5,"8":11,"9":10,"10":10,"11":10,"12":13,"13":15,"14":13,"15":2,"16":2,"17":2,"18":2,"19":2,"20":2,"21":2},"f":{"0":11,"1":4,"2":1,"3":11,"4":5,"5":10,"6":13,"7":15,"8":2,"9":2},"b":{"0":[1,1],"1":[1,1],"2":[2,0]},"_coverageSchema":"1a1c01bbd47fc00a2c39e90264f33305004495a9","hash":"2e69a1c2e067de4ba842b03e9684837033aad40b"}
,"C:\\Users\\wemer\\Documents\\commerce-system2.0\\test\\fakes\\fakeProductRepository.js": {"path":"C:\\Users\\wemer\\Documents\\commerce-system2.0\\test\\fakes\\fakeProductRepository.js","statementMap":{"0":{"start":{"line":1,"column":26},"end":{"line":1,"column":79}},"1":{"start":{"line":3,"column":15},"end":{"line":3,"column":17}},"2":{"start":{"line":5,"column":0},"end":{"line":51,"column":2}},"3":{"start":{"line":7,"column":4},"end":{"line":7,"column":12}},"4":{"start":{"line":11,"column":17},"end":{"line":11,"column":46}},"5":{"start":{"line":12,"column":4},"end":{"line":12,"column":24}},"6":{"start":{"line":14,"column":4},"end":{"line":14,"column":16}},"7":{"start":{"line":18,"column":20},"end":{"line":18,"column":69}},"8":{"start":{"line":18,"column":45},"end":{"line":18,"column":68}},"9":{"start":{"line":19,"column":4},"end":{"line":19,"column":18}},"10":{"start":{"line":23,"column":22},"end":{"line":23,"column":27}},"11":{"start":{"line":24,"column":20},"end":{"line":24,"column":31}},"12":{"start":{"line":26,"column":20},"end":{"line":28,"column":14}},"13":{"start":{"line":27,"column":6},"end":{"line":27,"column":68}},"14":{"start":{"line":27,"column":56},"end":{"line":27,"column":68}},"15":{"start":{"line":30,"column":4},"end":{"line":30,"column":30}},"16":{"start":{"line":34,"column":20},"end":{"line":34,"column":66}},"17":{"start":{"line":34,"column":45},"end":{"line":34,"column":65}},"18":{"start":{"line":35,"column":4},"end":{"line":35,"column":18}},"19":{"start":{"line":39,"column":4},"end":{"line":39,"column":65}},"20":{"start":{"line":43,"column":41},"end":{"line":43,"column":45}},"21":{"start":{"line":44,"column":20},"end":{"line":44,"column":66}},"22":{"start":{"line":44,"column":45},"end":{"line":44,"column":65}},"23":{"start":{"line":45,"column":18},"end":{"line":45,"column":43}},"24":{"start":{"line":47,"column":4},"end":{"line":47,"column":57}},"25":{"start":{"line":48,"column":4},"end":{"line":48,"column":81}},"26":{"start":{"line":49,"column":4},"end":{"line":49,"column":57}}},"fnMap":{"0":{"name":"(anonymous_0)","decl":{"start":{"line":6,"column":2},"end":{"line":6,"column":3}},"loc":{"start":{"line":6,"column":16},"end":{"line":8,"column":3}},"line":6},"1":{"name":"(anonymous_1)","decl":{"start":{"line":10,"column":2},"end":{"line":10,"column":3}},"loc":{"start":{"line":10,"column":42},"end":{"line":15,"column":3}},"line":10},"2":{"name":"(anonymous_2)","decl":{"start":{"line":17,"column":2},"end":{"line":17,"column":3}},"loc":{"start":{"line":17,"column":21},"end":{"line":20,"column":3}},"line":17},"3":{"name":"(anonymous_3)","decl":{"start":{"line":18,"column":34},"end":{"line":18,"column":35}},"loc":{"start":{"line":18,"column":45},"end":{"line":18,"column":68}},"line":18},"4":{"name":"(anonymous_4)","decl":{"start":{"line":22,"column":2},"end":{"line":22,"column":3}},"loc":{"start":{"line":22,"column":21},"end":{"line":31,"column":3}},"line":22},"5":{"name":"(anonymous_5)","decl":{"start":{"line":26,"column":36},"end":{"line":26,"column":37}},"loc":{"start":{"line":26,"column":46},"end":{"line":28,"column":5}},"line":26},"6":{"name":"(anonymous_6)","decl":{"start":{"line":33,"column":2},"end":{"line":33,"column":3}},"loc":{"start":{"line":33,"column":17},"end":{"line":36,"column":3}},"line":33},"7":{"name":"(anonymous_7)","decl":{"start":{"line":34,"column":34},"end":{"line":34,"column":35}},"loc":{"start":{"line":34,"column":45},"end":{"line":34,"column":65}},"line":34},"8":{"name":"(anonymous_8)","decl":{"start":{"line":38,"column":2},"end":{"line":38,"column":3}},"loc":{"start":{"line":38,"column":13},"end":{"line":40,"column":3}},"line":38},"9":{"name":"(anonymous_9)","decl":{"start":{"line":42,"column":2},"end":{"line":42,"column":3}},"loc":{"start":{"line":42,"column":17},"end":{"line":50,"column":3}},"line":42},"10":{"name":"(anonymous_10)","decl":{"start":{"line":44,"column":34},"end":{"line":44,"column":35}},"loc":{"start":{"line":44,"column":45},"end":{"line":44,"column":65}},"line":44}},"branchMap":{"0":{"loc":{"start":{"line":24,"column":20},"end":{"line":24,"column":31}},"type":"binary-expr","locations":[{"start":{"line":24,"column":20},"end":{"line":24,"column":25}},{"start":{"line":24,"column":29},"end":{"line":24,"column":31}}],"line":24},"1":{"loc":{"start":{"line":26,"column":20},"end":{"line":28,"column":14}},"type":"binary-expr","locations":[{"start":{"line":26,"column":20},"end":{"line":28,"column":6}},{"start":{"line":28,"column":10},"end":{"line":28,"column":14}}],"line":26},"2":{"loc":{"start":{"line":27,"column":6},"end":{"line":27,"column":68}},"type":"if","locations":[{"start":{"line":27,"column":6},"end":{"line":27,"column":68}},{"start":{"line":27,"column":6},"end":{"line":27,"column":68}}],"line":27},"3":{"loc":{"start":{"line":30,"column":11},"end":{"line":30,"column":30}},"type":"binary-expr","locations":[{"start":{"line":30,"column":11},"end":{"line":30,"column":18}},{"start":{"line":30,"column":22},"end":{"line":30,"column":30}}],"line":30},"4":{"loc":{"start":{"line":47,"column":28},"end":{"line":47,"column":57}},"type":"cond-expr","locations":[{"start":{"line":47,"column":36},"end":{"line":47,"column":41}},{"start":{"line":47,"column":44},"end":{"line":47,"column":57}}],"line":47},"5":{"loc":{"start":{"line":48,"column":34},"end":{"line":48,"column":81}},"type":"cond-expr","locations":[{"start":{"line":48,"column":48},"end":{"line":48,"column":59}},{"start":{"line":48,"column":62},"end":{"line":48,"column":81}}],"line":48},"6":{"loc":{"start":{"line":49,"column":28},"end":{"line":49,"column":57}},"type":"cond-expr","locations":[{"start":{"line":49,"column":36},"end":{"line":49,"column":41}},{"start":{"line":49,"column":44},"end":{"line":49,"column":57}}],"line":49}},"s":{"0":11,"1":11,"2":11,"3":11,"4":12,"5":12,"6":12,"7":13,"8":6,"9":13,"10":3,"11":3,"12":3,"13":5,"14":4,"15":3,"16":19,"17":24,"18":19,"19":1,"20":2,"21":2,"22":3,"23":2,"24":2,"25":2,"26":2},"f":{"0":11,"1":12,"2":13,"3":6,"4":3,"5":5,"6":19,"7":24,"8":1,"9":2,"10":3},"b":{"0":[3,2],"1":[3,0],"2":[4,1],"3":[3,0],"4":[0,2],"5":[1,1],"6":[2,0]},"_coverageSchema":"1a1c01bbd47fc00a2c39e90264f33305004495a9","hash":"35afdc45ae6328dbcd5b55625847a42faa7e86b6"}
,"C:\\Users\\wemer\\Documents\\commerce-system2.0\\test\\fakes\\fakelocator.js": {"path":"C:\\Users\\wemer\\Documents\\commerce-system2.0\\test\\fakes\\fakelocator.js","statementMap":{"0":{"start":{"line":1,"column":30},"end":{"line":1,"column":64}},"1":{"start":{"line":2,"column":29},"end":{"line":2,"column":62}},"2":{"start":{"line":3,"column":27},"end":{"line":3,"column":58}},"3":{"start":{"line":4,"column":31},"end":{"line":4,"column":66}},"4":{"start":{"line":7,"column":16},"end":{"line":12,"column":3}},"5":{"start":{"line":13,"column":2},"end":{"line":13,"column":15}},"6":{"start":{"line":16,"column":0},"end":{"line":16,"column":31}}},"fnMap":{"0":{"name":"builderDean","decl":{"start":{"line":6,"column":9},"end":{"line":6,"column":20}},"loc":{"start":{"line":6,"column":23},"end":{"line":14,"column":1}},"line":6}},"branchMap":{},"s":{"0":11,"1":11,"2":11,"3":11,"4":11,"5":11,"6":11},"f":{"0":11},"b":{},"_coverageSchema":"1a1c01bbd47fc00a2c39e90264f33305004495a9","hash":"7639c1bcba3e15fb2267a1150c0b657016f7d3ab"}
}
