TN:
SF:src\application\useCases\Sale\index.js
FNF:0
FNH:0
DA:1,1
LF:1
LH:1
BRF:0
BRH:0
end_of_record
TN:
SF:src\application\useCases\Sale\listSales.js
FN:4,(anonymous_0)
FNF:1
FNH:1
FNDA:3,(anonymous_0)
DA:1,1
DA:3,1
DA:5,3
DA:6,2
DA:7,2
DA:8,1
DA:10,1
DA:11,1
LF:8
LH:8
BRDA:5,0,0,2
BRDA:5,0,1,1
BRDA:7,1,0,1
BRDA:7,1,1,1
BRF:4
BRH:4
end_of_record
TN:
SF:src\application\useCases\Sale\newSale.js
FN:5,(anonymous_0)
FNF:1
FNH:1
FNDA:9,(anonymous_0)
DA:1,2
DA:2,2
DA:4,2
DA:6,9
DA:8,7
DA:9,7
DA:11,6
DA:12,6
DA:14,5
DA:15,5
LF:10
LH:10
BRDA:9,0,0,1
BRDA:9,0,1,6
BRDA:12,1,0,1
BRDA:12,1,1,5
BRF:4
BRH:4
end_of_record
TN:
SF:src\application\useCases\products\createProduct.js
FN:5,(anonymous_0)
FNF:1
FNH:1
FNDA:19,(anonymous_0)
DA:1,8
DA:2,8
DA:4,8
DA:8,19
DA:10,14
DA:12,14
DA:14,13
DA:15,13
LF:8
LH:8
BRDA:12,0,0,1
BRDA:12,0,1,13
BRF:2
BRH:2
end_of_record
TN:
SF:src\application\useCases\products\deleteProduct.js
FN:4,(anonymous_0)
FNF:1
FNH:1
FNDA:2,(anonymous_0)
DA:1,2
DA:3,2
DA:5,2
DA:6,2
DA:8,1
LF:5
LH:5
BRDA:6,0,0,1
BRDA:6,0,1,1
BRF:2
BRH:2
end_of_record
TN:
SF:src\application\useCases\products\editProduct.js
FN:4,(anonymous_0)
FNF:1
FNH:1
FNDA:3,(anonymous_0)
DA:1,2
DA:3,2
DA:5,3
DA:6,3
DA:8,2
DA:9,2
LF:6
LH:6
BRDA:6,0,0,1
BRDA:6,0,1,2
BRF:2
BRH:2
end_of_record
TN:
SF:src\application\useCases\products\index.js
FNF:0
FNH:0
DA:1,2
LF:1
LH:1
BRF:0
BRH:0
end_of_record
TN:
SF:src\application\useCases\products\listProducts.js
FN:4,(anonymous_0)
FNF:1
FNH:1
FNDA:7,(anonymous_0)
DA:1,3
DA:3,3
DA:5,7
DA:6,4
DA:7,4
DA:8,3
DA:11,3
DA:12,3
LF:8
LH:8
BRDA:5,0,0,4
BRDA:5,0,1,3
BRDA:7,1,0,1
BRDA:7,1,1,3
BRF:4
BRH:4
end_of_record
TN:
SF:src\application\useCases\purchase\listPurchase.js
FN:4,(anonymous_0)
FNF:1
FNH:1
FNDA:3,(anonymous_0)
DA:1,1
DA:3,1
DA:5,3
DA:6,2
DA:7,2
DA:8,1
DA:10,1
DA:11,1
LF:8
LH:8
BRDA:5,0,0,2
BRDA:5,0,1,1
BRDA:7,1,0,1
BRDA:7,1,1,1
BRF:4
BRH:4
end_of_record
TN:
SF:src\application\useCases\purchase\newPurchase.js
FN:5,(anonymous_0)
FNF:1
FNH:1
FNDA:5,(anonymous_0)
DA:1,2
DA:2,2
DA:4,2
DA:6,5
DA:8,5
DA:9,5
DA:11,4
DA:12,4
LF:8
LH:8
BRDA:9,0,0,1
BRDA:9,0,1,4
BRF:2
BRH:2
end_of_record
TN:
SF:src\application\useCases\seller\deleteSeller.js
FN:4,(anonymous_0)
FNF:1
FNH:1
FNDA:2,(anonymous_0)
DA:1,3
DA:3,3
DA:5,2
DA:6,2
DA:8,1
LF:5
LH:5
BRDA:6,0,0,1
BRDA:6,0,1,1
BRF:2
BRH:2
end_of_record
TN:
SF:src\application\useCases\seller\editSeller.js
FN:4,(anonymous_0)
FNF:1
FNH:1
FNDA:3,(anonymous_0)
DA:1,3
DA:3,3
DA:5,3
DA:6,3
DA:8,2
DA:9,2
LF:6
LH:6
BRDA:6,0,0,1
BRDA:6,0,1,2
BRF:2
BRH:2
end_of_record
TN:
SF:src\application\useCases\seller\index.js
FNF:0
FNH:0
DA:1,3
LF:1
LH:1
BRF:0
BRH:0
end_of_record
TN:
SF:src\application\useCases\seller\listSellers.js
FN:4,(anonymous_0)
FNF:1
FNH:1
FNDA:6,(anonymous_0)
DA:1,3
DA:3,3
DA:5,6
DA:6,2
DA:7,2
DA:8,1
DA:10,4
DA:11,4
LF:8
LH:8
BRDA:5,0,0,2
BRDA:5,0,1,4
BRDA:7,1,0,1
BRDA:7,1,1,1
BRF:4
BRH:4
end_of_record
TN:
SF:src\application\useCases\seller\newSeller.js
FN:5,(anonymous_0)
FNF:1
FNH:1
FNDA:17,(anonymous_0)
DA:1,6
DA:2,6
DA:4,6
DA:8,17
DA:10,11
DA:12,11
DA:14,10
DA:15,10
LF:8
LH:8
BRDA:12,0,0,1
BRDA:12,0,1,10
BRF:2
BRH:2
end_of_record
TN:
SF:src\domain\errors.js
FN:2,(anonymous_0)
FN:9,(anonymous_1)
FNF:2
FNH:2
FNDA:26,(anonymous_0)
FNDA:26,(anonymous_1)
DA:3,26
DA:4,26
DA:10,26
DA:14,12
LF:4
LH:4
BRF:0
BRH:0
end_of_record
TN:
SF:src\domain\Product\Product.js
FN:4,(anonymous_0)
FNF:1
FNH:1
FNDA:19,(anonymous_0)
DA:1,8
DA:3,8
DA:5,19
DA:7,14
DA:8,14
DA:9,14
DA:10,14
LF:7
LH:7
BRDA:10,0,0,14
BRDA:10,0,1,14
BRF:2
BRH:2
end_of_record
TN:
SF:src\domain\Product\productRepository.js
FN:2,(anonymous_0)
FN:4,(anonymous_1)
FN:6,(anonymous_2)
FN:8,(anonymous_3)
FN:10,(anonymous_4)
FN:12,(anonymous_5)
FNF:6
FNH:0
FNDA:0,(anonymous_0)
FNDA:0,(anonymous_1)
FNDA:0,(anonymous_2)
FNDA:0,(anonymous_3)
FNDA:0,(anonymous_4)
FNDA:0,(anonymous_5)
DA:1,12
LF:1
LH:1
BRF:0
BRH:0
end_of_record
TN:
SF:src\domain\purchase\Purchase.js
FN:2,(anonymous_0)
FNF:1
FNH:1
FNDA:5,(anonymous_0)
DA:1,2
DA:3,5
DA:4,5
LF:3
LH:3
BRDA:4,0,0,5
BRDA:4,0,1,1
BRF:2
BRH:2
end_of_record
TN:
SF:src\domain\purchase\purchaseRepository.js
FN:2,(anonymous_0)
FN:4,(anonymous_1)
FN:6,(anonymous_2)
FNF:3
FNH:0
FNDA:0,(anonymous_0)
FNDA:0,(anonymous_1)
FNDA:0,(anonymous_2)
DA:1,12
LF:1
LH:1
BRF:0
BRH:0
end_of_record
TN:
SF:src\domain\sale\Sale.js
FN:4,(anonymous_0)
FNF:1
FNH:1
FNDA:9,(anonymous_0)
DA:1,2
DA:3,2
DA:5,9
DA:6,9
DA:7,8
DA:9,7
DA:10,7
DA:11,7
LF:8
LH:8
BRDA:6,0,0,1
BRDA:6,0,1,8
BRDA:7,1,0,1
BRDA:7,1,1,7
BRDA:11,2,0,7
BRDA:11,2,1,3
BRF:6
BRH:6
end_of_record
TN:
SF:src\domain\sale\saleRepository.js
FN:2,(anonymous_0)
FN:4,(anonymous_1)
FN:6,(anonymous_2)
FNF:3
FNH:0
FNDA:0,(anonymous_0)
FNDA:0,(anonymous_1)
FNDA:0,(anonymous_2)
DA:1,12
LF:1
LH:1
BRF:0
BRH:0
end_of_record
TN:
SF:src\domain\seller\Seller.js
FN:4,(anonymous_0)
FNF:1
FNH:1
FNDA:17,(anonymous_0)
DA:1,6
DA:3,6
DA:5,17
DA:7,11
DA:8,11
DA:9,11
LF:6
LH:6
BRF:0
BRH:0
end_of_record
TN:
SF:src\domain\seller\sellerRepository.js
FN:2,(anonymous_0)
FN:4,(anonymous_1)
FN:6,(anonymous_2)
FN:8,(anonymous_3)
FN:10,(anonymous_4)
FN:12,(anonymous_5)
FNF:6
FNH:0
FNDA:0,(anonymous_0)
FNDA:0,(anonymous_1)
FNDA:0,(anonymous_2)
FNDA:0,(anonymous_3)
FNDA:0,(anonymous_4)
FNDA:0,(anonymous_5)
DA:1,12
LF:1
LH:1
BRF:0
BRH:0
end_of_record
TN:
SF:src\infra\validators\joi\product-validator.js
FN:28,(anonymous_0)
FNF:1
FNH:1
FNDA:19,(anonymous_0)
DA:1,8
DA:2,8
DA:4,8
DA:27,8
DA:29,19
DA:30,19
DA:31,5
DA:33,14
LF:8
LH:8
BRDA:30,0,0,5
BRDA:30,0,1,14
BRF:2
BRH:2
end_of_record
TN:
SF:src\infra\validators\joi\seller-validator.js
FN:29,(anonymous_0)
FNF:1
FNH:1
FNDA:17,(anonymous_0)
DA:1,6
DA:2,6
DA:4,6
DA:28,6
DA:30,17
DA:31,17
DA:32,6
DA:34,11
LF:8
LH:8
BRDA:31,0,0,6
BRDA:31,0,1,11
BRF:2
BRH:2
end_of_record
TN:
SF:src\interfaces\http\http-errors.js
FN:2,(anonymous_0)
FN:10,(anonymous_1)
FNF:2
FNH:2
FNDA:26,(anonymous_0)
FNDA:26,(anonymous_1)
DA:3,26
DA:4,26
DA:5,26
DA:11,26
DA:12,26
DA:13,26
DA:17,12
LF:7
LH:7
BRF:0
BRH:0
end_of_record
TN:
SF:test\fakes\FakePurchaseRepository.js
FN:6,(anonymous_0)
FN:10,(anonymous_1)
FN:15,(anonymous_2)
FN:19,(anonymous_3)
FNF:4
FNH:4
FNDA:12,(anonymous_0)
FNDA:4,(anonymous_1)
FNDA:2,(anonymous_2)
FNDA:1,(anonymous_3)
DA:1,12
DA:3,12
DA:5,12
DA:7,12
DA:11,4
DA:12,4
DA:16,2
DA:20,1
LF:8
LH:8
BRF:0
BRH:0
end_of_record
TN:
SF:test\fakes\FakeSaleRepository.js
FN:6,(anonymous_0)
FN:10,(anonymous_1)
FN:15,(anonymous_2)
FN:19,(anonymous_3)
FNF:4
FNH:4
FNDA:12,(anonymous_0)
FNDA:5,(anonymous_1)
FNDA:2,(anonymous_2)
FNDA:1,(anonymous_3)
DA:1,12
DA:3,12
DA:5,12
DA:7,12
DA:11,5
DA:12,5
DA:16,2
DA:20,1
LF:8
LH:8
BRF:0
BRH:0
end_of_record
TN:
SF:test\fakes\FakeSellerRepository.js
FN:6,(anonymous_0)
FN:10,(anonymous_1)
FN:14,(anonymous_2)
FN:18,(anonymous_3)
FN:19,(anonymous_4)
FN:23,(anonymous_5)
FN:29,(anonymous_6)
FN:30,(anonymous_7)
FN:34,(anonymous_8)
FN:36,(anonymous_9)
FNF:10
FNH:10
FNDA:12,(anonymous_0)
FNDA:4,(anonymous_1)
FNDA:1,(anonymous_2)
FNDA:11,(anonymous_3)
FNDA:5,(anonymous_4)
FNDA:10,(anonymous_5)
FNDA:13,(anonymous_6)
FNDA:15,(anonymous_7)
FNDA:2,(anonymous_8)
FNDA:2,(anonymous_9)
DA:1,12
DA:3,12
DA:5,12
DA:7,12
DA:11,4
DA:15,1
DA:19,11
DA:20,11
DA:24,10
DA:25,10
DA:27,10
DA:30,15
DA:31,13
DA:35,2
DA:36,2
DA:37,2
DA:39,2
DA:40,2
DA:41,2
LF:19
LH:19
BRDA:39,0,0,1
BRDA:39,0,1,1
BRDA:40,1,0,1
BRDA:40,1,1,1
BRDA:41,2,0,2
BRDA:41,2,1,0
BRF:6
BRH:5
end_of_record
TN:
SF:test\fakes\fakeProductRepository.js
FN:6,(anonymous_0)
FN:10,(anonymous_1)
FN:17,(anonymous_2)
FN:18,(anonymous_3)
FN:22,(anonymous_4)
FN:26,(anonymous_5)
FN:33,(anonymous_6)
FN:34,(anonymous_7)
FN:38,(anonymous_8)
FN:42,(anonymous_9)
FN:44,(anonymous_10)
FNF:11
FNH:11
FNDA:12,(anonymous_0)
FNDA:13,(anonymous_1)
FNDA:14,(anonymous_2)
FNDA:6,(anonymous_3)
FNDA:3,(anonymous_4)
FNDA:5,(anonymous_5)
FNDA:21,(anonymous_6)
FNDA:26,(anonymous_7)
FNDA:1,(anonymous_8)
FNDA:2,(anonymous_9)
FNDA:3,(anonymous_10)
DA:1,12
DA:3,12
DA:5,12
DA:7,12
DA:11,13
DA:12,13
DA:14,13
DA:18,14
DA:19,14
DA:23,3
DA:24,3
DA:26,3
DA:27,5
DA:30,3
DA:34,26
DA:35,21
DA:39,1
DA:43,2
DA:44,3
DA:45,2
DA:47,2
DA:48,2
DA:49,2
LF:23
LH:23
BRDA:24,0,0,3
BRDA:24,0,1,2
BRDA:26,1,0,3
BRDA:26,1,1,0
BRDA:27,2,0,4
BRDA:27,2,1,1
BRDA:30,3,0,3
BRDA:30,3,1,0
BRDA:47,4,0,0
BRDA:47,4,1,2
BRDA:48,5,0,1
BRDA:48,5,1,1
BRDA:49,6,0,2
BRDA:49,6,1,0
BRF:14
BRH:10
end_of_record
TN:
SF:test\fakes\fakelocator.js
FN:6,builderDean
FNF:1
FNH:1
FNDA:12,builderDean
DA:1,12
DA:2,12
DA:3,12
DA:4,12
DA:7,12
DA:13,12
DA:16,12
LF:7
LH:7
BRF:0
BRH:0
end_of_record
