TN:
SF:src\application\useCases\products\createProduct.js
FN:5,(anonymous_0)
FNF:1
FNH:1
FNDA:13,(anonymous_0)
DA:1,4
DA:2,4
DA:4,4
DA:8,13
DA:10,8
DA:12,8
DA:14,7
DA:15,7
LF:8
LH:8
BRDA:12,0,0,1
BRDA:12,0,1,7
BRF:2
BRH:2
end_of_record
TN:
SF:src\application\useCases\products\deleteProduct.js
FN:4,(anonymous_0)
FNF:1
FNH:1
FNDA:2,(anonymous_0)
DA:1,2
DA:3,2
DA:5,2
DA:6,2
DA:8,1
LF:5
LH:5
BRDA:6,0,0,1
BRDA:6,0,1,1
BRF:2
BRH:2
end_of_record
TN:
SF:src\application\useCases\products\editProduct.js
FN:4,(anonymous_0)
FNF:1
FNH:1
FNDA:3,(anonymous_0)
DA:1,2
DA:3,2
DA:5,3
DA:6,3
DA:8,2
DA:9,2
LF:6
LH:6
BRDA:6,0,0,1
BRDA:6,0,1,2
BRF:2
BRH:2
end_of_record
TN:
SF:src\application\useCases\products\index.js
FNF:0
FNH:0
DA:1,2
LF:1
LH:1
BRF:0
BRH:0
end_of_record
TN:
SF:src\application\useCases\products\listProducts.js
FN:4,(anonymous_0)
FNF:1
FNH:1
FNDA:7,(anonymous_0)
DA:1,3
DA:3,3
DA:5,7
DA:6,4
DA:7,4
DA:8,3
DA:11,3
DA:12,3
LF:8
LH:8
BRDA:5,0,0,4
BRDA:5,0,1,3
BRDA:7,1,0,1
BRDA:7,1,1,3
BRF:4
BRH:4
end_of_record
TN:
SF:src\application\useCases\seller\deleteSeller.js
FN:4,(anonymous_0)
FNF:1
FNH:1
FNDA:2,(anonymous_0)
DA:1,2
DA:3,2
DA:5,2
DA:6,2
DA:8,1
LF:5
LH:5
BRDA:6,0,0,1
BRDA:6,0,1,1
BRF:2
BRH:2
end_of_record
TN:
SF:src\application\useCases\seller\index.js
FNF:0
FNH:0
DA:1,2
LF:1
LH:1
BRF:0
BRH:0
end_of_record
TN:
SF:src\application\useCases\seller\listSellers.js
FN:2,(anonymous_0)
FNF:1
FNH:1
FNDA:2,(anonymous_0)
DA:1,2
DA:3,2
DA:4,2
LF:3
LH:3
BRF:0
BRH:0
end_of_record
TN:
SF:src\application\useCases\seller\newSeller.js
FN:5,(anonymous_0)
FNF:1
FNH:1
FNDA:6,(anonymous_0)
DA:1,3
DA:2,3
DA:4,3
DA:8,6
DA:10,6
DA:12,6
DA:14,5
DA:15,5
LF:8
LH:8
BRDA:12,0,0,1
BRDA:12,0,1,5
BRF:2
BRH:2
end_of_record
TN:
SF:src\domain\errors.js
FN:2,(anonymous_0)
FN:9,(anonymous_1)
FNF:2
FNH:2
FNDA:10,(anonymous_0)
FNDA:10,(anonymous_1)
DA:3,10
DA:4,10
DA:10,10
DA:14,4
LF:4
LH:4
BRF:0
BRH:0
end_of_record
TN:
SF:src\domain\Product\Product.js
FN:4,(anonymous_0)
FNF:1
FNH:1
FNDA:13,(anonymous_0)
DA:1,4
DA:3,4
DA:5,13
DA:7,8
DA:8,8
DA:9,8
DA:10,8
LF:7
LH:7
BRDA:10,0,0,8
BRDA:10,0,1,8
BRF:2
BRH:2
end_of_record
TN:
SF:src\domain\Product\productRepository.js
FN:2,(anonymous_0)
FN:4,(anonymous_1)
FN:6,(anonymous_2)
FN:8,(anonymous_3)
FN:10,(anonymous_4)
FN:12,(anonymous_5)
FNF:6
FNH:0
FNDA:0,(anonymous_0)
FNDA:0,(anonymous_1)
FNDA:0,(anonymous_2)
FNDA:0,(anonymous_3)
FNDA:0,(anonymous_4)
FNDA:0,(anonymous_5)
DA:1,7
LF:1
LH:1
BRF:0
BRH:0
end_of_record
TN:
SF:src\domain\seller\Seller.js
FN:2,(anonymous_0)
FNF:1
FNH:1
FNDA:6,(anonymous_0)
DA:1,3
DA:3,6
DA:4,6
DA:5,6
LF:4
LH:4
BRF:0
BRH:0
end_of_record
TN:
SF:src\domain\seller\sellerRepository.js
FN:2,(anonymous_0)
FN:4,(anonymous_1)
FN:6,(anonymous_2)
FN:8,(anonymous_3)
FN:10,(anonymous_4)
FNF:5
FNH:0
FNDA:0,(anonymous_0)
FNDA:0,(anonymous_1)
FNDA:0,(anonymous_2)
FNDA:0,(anonymous_3)
FNDA:0,(anonymous_4)
DA:1,7
LF:1
LH:1
BRF:0
BRH:0
end_of_record
TN:
SF:src\infra\validators\joi\product-validator.js
FN:28,(anonymous_0)
FNF:1
FNH:1
FNDA:13,(anonymous_0)
DA:1,4
DA:2,4
DA:4,4
DA:27,4
DA:29,13
DA:30,13
DA:31,5
DA:33,8
LF:8
LH:8
BRDA:30,0,0,5
BRDA:30,0,1,8
BRF:2
BRH:2
end_of_record
TN:
SF:src\interfaces\http\http-errors.js
FN:2,(anonymous_0)
FN:10,(anonymous_1)
FNF:2
FNH:2
FNDA:12,(anonymous_0)
FNDA:12,(anonymous_1)
DA:3,12
DA:4,12
DA:5,12
DA:11,12
DA:12,12
DA:13,12
DA:17,7
LF:7
LH:7
BRF:0
BRH:0
end_of_record
TN:
SF:test\fakes\FakeSellerRepository.js
FN:6,(anonymous_0)
FN:10,(anonymous_1)
FN:14,(anonymous_2)
FN:18,(anonymous_3)
FN:19,(anonymous_4)
FN:23,(anonymous_5)
FN:29,(anonymous_6)
FN:30,(anonymous_7)
FNF:8
FNH:8
FNDA:7,(anonymous_0)
FNDA:2,(anonymous_1)
FNDA:1,(anonymous_2)
FNDA:6,(anonymous_3)
FNDA:3,(anonymous_4)
FNDA:5,(anonymous_5)
FNDA:2,(anonymous_6)
FNDA:2,(anonymous_7)
DA:1,7
DA:3,7
DA:5,7
DA:7,7
DA:11,2
DA:15,1
DA:19,6
DA:20,6
DA:24,5
DA:25,5
DA:27,5
DA:30,2
DA:31,2
LF:13
LH:13
BRF:0
BRH:0
end_of_record
TN:
SF:test\fakes\fakeProductRepository.js
FN:6,(anonymous_0)
FN:10,(anonymous_1)
FN:17,(anonymous_2)
FN:18,(anonymous_3)
FN:22,(anonymous_4)
FN:26,(anonymous_5)
FN:33,(anonymous_6)
FN:34,(anonymous_7)
FN:38,(anonymous_8)
FN:42,(anonymous_9)
FN:44,(anonymous_10)
FNF:11
FNH:11
FNDA:7,(anonymous_0)
FNDA:7,(anonymous_1)
FNDA:8,(anonymous_2)
FNDA:4,(anonymous_3)
FNDA:3,(anonymous_4)
FNDA:5,(anonymous_5)
FNDA:9,(anonymous_6)
FNDA:13,(anonymous_7)
FNDA:1,(anonymous_8)
FNDA:2,(anonymous_9)
FNDA:3,(anonymous_10)
DA:1,7
DA:3,7
DA:5,7
DA:7,7
DA:11,7
DA:12,7
DA:14,7
DA:18,8
DA:19,8
DA:23,3
DA:24,3
DA:26,3
DA:27,5
DA:30,3
DA:34,13
DA:35,9
DA:39,1
DA:43,2
DA:44,3
DA:45,2
DA:47,2
DA:48,2
DA:49,2
LF:23
LH:23
BRDA:24,0,0,3
BRDA:24,0,1,2
BRDA:26,1,0,3
BRDA:26,1,1,0
BRDA:27,2,0,4
BRDA:27,2,1,1
BRDA:30,3,0,3
BRDA:30,3,1,0
BRDA:47,4,0,0
BRDA:47,4,1,2
BRDA:48,5,0,1
BRDA:48,5,1,1
BRDA:49,6,0,2
BRDA:49,6,1,0
BRF:14
BRH:10
end_of_record
TN:
SF:test\fakes\fakelocator.js
FN:4,builderDean
FNF:1
FNH:1
FNDA:7,builderDean
DA:1,7
DA:2,7
DA:5,7
DA:9,7
DA:12,7
LF:5
LH:5
BRF:0
BRH:0
end_of_record
